[2025-04-25 00:31:04] [INFO] Logger iniciado
[2025-04-25 00:31:04] [INFO] Utilidad de manejo de contraseñas inicializada
[2025-04-25 00:33:55] [INFO] Logger iniciado
[2025-04-25 00:33:55] [INFO] Utilidad de manejo de contraseñas inicializada
[2025-04-25 00:54:30] [INFO] Logger iniciado
[2025-04-25 00:54:30] [INFO] Utilidad de manejo de contraseñas inicializada
[2025-04-25 00:56:42] [INFO] Logger iniciado
[2025-04-25 00:56:42] [INFO] Utilidad de manejo de contraseñas inicializada
[2025-04-25 00:57:14] [INFO] Logger iniciado
[2025-04-25 00:57:14] [INFO] Utilidad de manejo de contraseñas inicializada
[2025-04-25 01:01:25] [INFO] Logger iniciado
[2025-04-25 01:01:25] [INFO] Utilidad de manejo de contraseñas inicializada
[2025-04-25 01:04:42] [INFO] Logger iniciado
[2025-04-25 01:04:42] [INFO] Utilidad de manejo de contraseñas inicializada
[2025-04-25 01:10:26] [INFO] Logger iniciado
[2025-04-25 01:10:26] [INFO] Utilidad de manejo de contraseñas inicializada
[2025-04-25 01:16:09] [INFO] Logger iniciado
[2025-04-25 01:16:09] [INFO] Utilidad de manejo de contraseñas inicializada
[2025-04-25 01:16:24] [WARN] Intento de login fallido: Usuario inactivo (admin)
[2025-04-25 01:16:24] [ERROR] Error en AuthService.login: Error: Tu cuenta de usuario está inactiva.
Stack: Error: Tu cuenta de usuario está inactiva.
    at AuthService.login (C:\Users\Pc\Desktop\Cobranza - v4\services\auth.service.js:48:23)
    at process.processTicksAndRejections (node:internal/process/task_queues:105:5)
    at async login (C:\Users\Pc\Desktop\Cobranza - v4\controllers\auth.controller.js:22:24)
[2025-04-25 01:16:36] [INFO] Login exitoso: usuario (ID: 2) - Rol: Usuario
[2025-04-25 01:19:11] [ERROR] Faltan credenciales de WhatsApp Business API
[2025-04-25 01:19:11] [ERROR] Error al conectar con WhatsApp: Faltan credenciales de WhatsApp Business API. Configure phoneNumberId y accessToken.
[2025-04-25 01:19:15] [ERROR] Faltan credenciales de WhatsApp Business API
[2025-04-25 01:19:15] [ERROR] Error al conectar con WhatsApp: Faltan credenciales de WhatsApp Business API. Configure phoneNumberId y accessToken.
[2025-04-25 01:19:42] [ERROR] Faltan credenciales de WhatsApp Business API
[2025-04-25 01:19:42] [ERROR] Error al conectar con WhatsApp: Faltan credenciales de WhatsApp Business API. Configure phoneNumberId y accessToken.
[2025-04-25 01:21:44] [ERROR] Faltan credenciales de WhatsApp Business API
[2025-04-25 01:21:44] [ERROR] Error al conectar con WhatsApp: Faltan credenciales de WhatsApp Business API. Configure phoneNumberId y accessToken.
[2025-04-25 01:30:11] [INFO] Logger iniciado
[2025-04-25 01:30:11] [INFO] Utilidad de manejo de contraseñas inicializada
[2025-04-25 01:37:37] [WARN] Intento de login fallido: Usuario inactivo (admin)
[2025-04-25 01:37:37] [ERROR] Error en AuthService.login: Error: Tu cuenta de usuario está inactiva.
Stack: Error: Tu cuenta de usuario está inactiva.
    at AuthService.login (C:\Users\Pc\Desktop\Cobranza - v4\services\auth.service.js:48:23)
    at process.processTicksAndRejections (node:internal/process/task_queues:105:5)
    at async login (C:\Users\Pc\Desktop\Cobranza - v4\controllers\auth.controller.js:22:24)
[2025-04-25 01:37:46] [WARN] Intento de login fallido: Usuario inactivo (admin)
[2025-04-25 01:37:46] [ERROR] Error en AuthService.login: Error: Tu cuenta de usuario está inactiva.
Stack: Error: Tu cuenta de usuario está inactiva.
    at AuthService.login (C:\Users\Pc\Desktop\Cobranza - v4\services\auth.service.js:48:23)
    at process.processTicksAndRejections (node:internal/process/task_queues:105:5)
    at async login (C:\Users\Pc\Desktop\Cobranza - v4\controllers\auth.controller.js:22:24)
[2025-04-25 01:39:18] [WARN] Intento de login fallido: Usuario inactivo (admin)
[2025-04-25 01:39:18] [ERROR] Error en AuthService.login: Error: Tu cuenta de usuario está inactiva.
Stack: Error: Tu cuenta de usuario está inactiva.
    at AuthService.login (C:\Users\Pc\Desktop\Cobranza - v4\services\auth.service.js:48:23)
    at process.processTicksAndRejections (node:internal/process/task_queues:105:5)
    at async login (C:\Users\Pc\Desktop\Cobranza - v4\controllers\auth.controller.js:22:24)
[2025-04-25 01:41:45] [INFO] Login exitoso: admin (ID: 1) - Rol: Administrador
[2025-04-25 01:42:59] [INFO] Directorio de backups creado: backups
[2025-04-25 01:42:59] [INFO] Ejecutando backup con comando: mysqldump --host=localhost --port=3306 --user=pegasus_user --password=XXXXX pegasus_cobros > "backups\backup_2025-04-25_06-42-59.sql"
[2025-04-25 01:42:59] [ERROR] Error ejecutando mysqldump: Error: Command failed: mysqldump --host=localhost --port=3306 --user=pegasus_user --password=pegasus_password --single-transaction --skip-lock-tables --set-gtid-purged=OFF --no-tablespaces --routines --triggers --events pegasus_cobros > "backups\backup_2025-04-25_06-42-59.sql"
"mysqldump" no se reconoce como un comando interno o externo,
programa o archivo por lotes ejecutable.

Stack: Error: Command failed: mysqldump --host=localhost --port=3306 --user=pegasus_user --password=pegasus_password --single-transaction --skip-lock-tables --set-gtid-purged=OFF --no-tablespaces --routines --triggers --events pegasus_cobros > "backups\backup_2025-04-25_06-42-59.sql"
"mysqldump" no se reconoce como un comando interno o externo,
programa o archivo por lotes ejecutable.

    at genericNodeError (node:internal/errors:983:15)
    at wrappedFn (node:internal/errors:537:14)
    at ChildProcess.exithandler (node:child_process:414:12)
    at ChildProcess.emit (node:events:518:28)
    at maybeClose (node:internal/child_process:1101:16)
    at ChildProcess._handle.onexit (node:internal/child_process:304:5)
[2025-04-25 01:42:59] [ERROR] Error al crear backup: Error: Error al crear backup: Command failed: mysqldump --host=localhost --port=3306 --user=pegasus_user --password=pegasus_password --single-transaction --skip-lock-tables --set-gtid-purged=OFF --no-tablespaces --routines --triggers --events pegasus_cobros > "backups\backup_2025-04-25_06-42-59.sql"
"mysqldump" no se reconoce como un comando interno o externo,
programa o archivo por lotes ejecutable.

Stack: Error: Error al crear backup: Command failed: mysqldump --host=localhost --port=3306 --user=pegasus_user --password=pegasus_password --single-transaction --skip-lock-tables --set-gtid-purged=OFF --no-tablespaces --routines --triggers --events pegasus_cobros > "backups\backup_2025-04-25_06-42-59.sql"
"mysqldump" no se reconoce como un comando interno o externo,
programa o archivo por lotes ejecutable.

    at DatabaseService.createBackup (C:\Users\Pc\Desktop\Cobranza - v4\services\database.service.js:133:23)
    at process.processTicksAndRejections (node:internal/process/task_queues:105:5)
    at async crearBackup (C:\Users\Pc\Desktop\Cobranza - v4\controllers\settings.controller.js:236:28)
[2025-04-25 03:09:21] [INFO] Logger iniciado
[2025-04-25 03:11:17] [INFO] Logger iniciado
[2025-04-25 03:17:57] [INFO] Logger iniciado
[2025-04-25 03:18:04] [DEBUG] Token verificado para usuario: admin (ID: 1)
[2025-04-25 03:18:04] [DEBUG] Token verificado para usuario: admin (ID: 1)
[2025-04-25 03:18:04] [DEBUG] Token verificado para usuario: admin (ID: 1)
[2025-04-25 03:18:04] [DEBUG] Token verificado para usuario: admin (ID: 1)
[2025-04-25 03:18:04] [DEBUG] Token verificado para usuario: admin (ID: 1)
[2025-04-25 03:18:04] [DEBUG] Token verificado para usuario: admin (ID: 1)
[2025-04-25 03:18:04] [DEBUG] Token verificado para usuario: admin (ID: 1)
[2025-04-25 03:18:04] [DEBUG] Token verificado para usuario: admin (ID: 1)
[2025-04-25 03:18:04] [DEBUG] Token verificado para usuario: admin (ID: 1)
[2025-04-25 03:18:04] [DEBUG] Token verificado para usuario: admin (ID: 1)
[2025-04-25 03:18:04] [DEBUG] Token verificado para usuario: admin (ID: 1)
[2025-04-25 03:18:04] [DEBUG] Token verificado para usuario: admin (ID: 1)
[2025-04-25 03:18:04] [DEBUG] Token verificado para usuario: admin (ID: 1)
[2025-04-25 03:18:04] [DEBUG] Token verificado para usuario: admin (ID: 1)
[2025-04-25 03:18:04] [DEBUG] Token verificado para usuario: admin (ID: 1)
[2025-04-25 03:18:05] [DEBUG] Token verificado para usuario: admin (ID: 1)
[2025-04-25 03:18:05] [DEBUG] Token verificado para usuario: admin (ID: 1)
[2025-04-25 03:18:05] [DEBUG] Token verificado para usuario: admin (ID: 1)
[2025-04-25 03:18:05] [DEBUG] Token verificado para usuario: admin (ID: 1)
[2025-04-25 03:18:05] [DEBUG] Token verificado para usuario: admin (ID: 1)
[2025-04-25 03:18:05] [DEBUG] Token verificado para usuario: admin (ID: 1)
[2025-04-25 03:18:05] [DEBUG] Token verificado para usuario: admin (ID: 1)
[2025-04-25 03:18:05] [DEBUG] Token verificado para usuario: admin (ID: 1)
[2025-04-25 03:18:05] [DEBUG] Token verificado para usuario: admin (ID: 1)
[2025-04-25 03:18:05] [DEBUG] Token verificado para usuario: admin (ID: 1)
[2025-04-25 03:18:05] [DEBUG] Token verificado para usuario: admin (ID: 1)
[2025-04-25 03:18:05] [DEBUG] Token verificado para usuario: admin (ID: 1)
[2025-04-25 03:18:05] [DEBUG] Token verificado para usuario: admin (ID: 1)
[2025-04-25 03:18:08] [DEBUG] Token verificado para usuario: admin (ID: 1)
[2025-04-25 03:18:08] [DEBUG] Token verificado para usuario: admin (ID: 1)
[2025-04-25 03:18:08] [DEBUG] Token verificado para usuario: admin (ID: 1)
[2025-04-25 03:18:08] [DEBUG] Token verificado para usuario: admin (ID: 1)
[2025-04-25 03:18:08] [DEBUG] Token verificado para usuario: admin (ID: 1)
[2025-04-25 03:18:08] [DEBUG] Token verificado para usuario: admin (ID: 1)
[2025-04-25 03:18:09] [DEBUG] Token verificado para usuario: admin (ID: 1)
[2025-04-25 03:18:09] [DEBUG] Token verificado para usuario: admin (ID: 1)
[2025-04-25 03:18:09] [DEBUG] Token verificado para usuario: admin (ID: 1)
[2025-04-25 03:18:09] [DEBUG] Token verificado para usuario: admin (ID: 1)
[2025-04-25 03:18:09] [DEBUG] Token verificado para usuario: admin (ID: 1)
[2025-04-25 03:18:09] [DEBUG] Token verificado para usuario: admin (ID: 1)
[2025-04-25 03:18:09] [DEBUG] Token verificado para usuario: admin (ID: 1)
[2025-04-25 03:18:09] [DEBUG] Token verificado para usuario: admin (ID: 1)
[2025-04-25 03:18:09] [DEBUG] Token verificado para usuario: admin (ID: 1)
[2025-04-25 03:18:09] [DEBUG] Token verificado para usuario: admin (ID: 1)
[2025-04-25 03:18:09] [DEBUG] Token verificado para usuario: admin (ID: 1)
[2025-04-25 03:18:09] [DEBUG] Token verificado para usuario: admin (ID: 1)
[2025-04-25 03:18:09] [DEBUG] Token verificado para usuario: admin (ID: 1)
[2025-04-25 03:18:09] [DEBUG] Token verificado para usuario: admin (ID: 1)
[2025-04-25 03:18:09] [DEBUG] Token verificado para usuario: admin (ID: 1)
[2025-04-25 03:18:09] [DEBUG] Token verificado para usuario: admin (ID: 1)
[2025-04-25 03:18:09] [DEBUG] Token verificado para usuario: admin (ID: 1)
[2025-04-25 03:18:09] [DEBUG] Token verificado para usuario: admin (ID: 1)
[2025-04-25 03:18:09] [DEBUG] Token verificado para usuario: admin (ID: 1)
[2025-04-25 03:18:09] [DEBUG] Token verificado para usuario: admin (ID: 1)
[2025-04-25 03:18:09] [DEBUG] Token verificado para usuario: admin (ID: 1)
[2025-04-25 03:18:09] [DEBUG] Token verificado para usuario: admin (ID: 1)
[2025-04-25 03:18:13] [DEBUG] Token verificado para usuario: admin (ID: 1)
[2025-04-25 03:18:13] [DEBUG] Token verificado para usuario: admin (ID: 1)
[2025-04-25 03:18:13] [DEBUG] Token verificado para usuario: admin (ID: 1)
[2025-04-25 03:18:13] [DEBUG] Token verificado para usuario: admin (ID: 1)
[2025-04-25 03:18:13] [DEBUG] Token verificado para usuario: admin (ID: 1)
[2025-04-25 03:18:13] [DEBUG] Token verificado para usuario: admin (ID: 1)
[2025-04-25 03:18:13] [DEBUG] Token verificado para usuario: admin (ID: 1)
[2025-04-25 03:18:13] [DEBUG] Token verificado para usuario: admin (ID: 1)
[2025-04-25 03:18:13] [DEBUG] Token verificado para usuario: admin (ID: 1)
[2025-04-25 03:18:13] [DEBUG] Token verificado para usuario: admin (ID: 1)
[2025-04-25 03:18:13] [DEBUG] Token verificado para usuario: admin (ID: 1)
[2025-04-25 03:18:13] [DEBUG] Token verificado para usuario: admin (ID: 1)
[2025-04-25 03:18:13] [DEBUG] Token verificado para usuario: admin (ID: 1)
[2025-04-25 03:18:13] [DEBUG] Token verificado para usuario: admin (ID: 1)
[2025-04-25 03:18:13] [DEBUG] Token verificado para usuario: admin (ID: 1)
[2025-04-25 03:18:13] [DEBUG] Token verificado para usuario: admin (ID: 1)
[2025-04-25 03:18:13] [DEBUG] Token verificado para usuario: admin (ID: 1)
[2025-04-25 03:18:13] [DEBUG] Token verificado para usuario: admin (ID: 1)
[2025-04-25 03:18:13] [DEBUG] Token verificado para usuario: admin (ID: 1)
[2025-04-25 03:18:13] [DEBUG] Token verificado para usuario: admin (ID: 1)
[2025-04-25 03:18:13] [DEBUG] Token verificado para usuario: admin (ID: 1)
[2025-04-25 03:18:13] [DEBUG] Token verificado para usuario: admin (ID: 1)
[2025-04-25 03:18:13] [DEBUG] Token verificado para usuario: admin (ID: 1)
[2025-04-25 03:18:13] [DEBUG] Token verificado para usuario: admin (ID: 1)
[2025-04-25 03:18:13] [DEBUG] Token verificado para usuario: admin (ID: 1)
[2025-04-25 03:18:13] [DEBUG] Token verificado para usuario: admin (ID: 1)
[2025-04-25 03:18:13] [DEBUG] Token verificado para usuario: admin (ID: 1)
[2025-04-25 03:18:13] [DEBUG] Token verificado para usuario: admin (ID: 1)
[2025-04-25 03:18:39] [DEBUG] Token verificado para usuario: admin (ID: 1)
[2025-04-25 03:18:39] [DEBUG] Token verificado para usuario: admin (ID: 1)
[2025-04-25 03:18:39] [DEBUG] Token verificado para usuario: admin (ID: 1)
[2025-04-25 03:18:39] [DEBUG] Token verificado para usuario: admin (ID: 1)
[2025-04-25 03:18:39] [DEBUG] Token verificado para usuario: admin (ID: 1)
[2025-04-25 03:18:39] [DEBUG] Token verificado para usuario: admin (ID: 1)
[2025-04-25 03:18:40] [DEBUG] Token verificado para usuario: admin (ID: 1)
[2025-04-25 03:18:40] [DEBUG] Token verificado para usuario: admin (ID: 1)
[2025-04-25 03:18:40] [DEBUG] Token verificado para usuario: admin (ID: 1)
[2025-04-25 03:18:40] [DEBUG] Token verificado para usuario: admin (ID: 1)
[2025-04-25 03:18:40] [DEBUG] Token verificado para usuario: admin (ID: 1)
[2025-04-25 03:18:40] [DEBUG] Token verificado para usuario: admin (ID: 1)
[2025-04-25 03:18:40] [DEBUG] Token verificado para usuario: admin (ID: 1)
[2025-04-25 03:18:40] [DEBUG] Token verificado para usuario: admin (ID: 1)
[2025-04-25 03:18:40] [DEBUG] Token verificado para usuario: admin (ID: 1)
[2025-04-25 03:18:40] [DEBUG] Token verificado para usuario: admin (ID: 1)
[2025-04-25 03:18:40] [DEBUG] Token verificado para usuario: admin (ID: 1)
[2025-04-25 03:18:40] [DEBUG] Token verificado para usuario: admin (ID: 1)
[2025-04-25 03:18:40] [DEBUG] Token verificado para usuario: admin (ID: 1)
[2025-04-25 03:18:40] [DEBUG] Token verificado para usuario: admin (ID: 1)
[2025-04-25 03:18:40] [DEBUG] Token verificado para usuario: admin (ID: 1)
[2025-04-25 03:18:40] [DEBUG] Token verificado para usuario: admin (ID: 1)
[2025-04-25 03:18:40] [DEBUG] Token verificado para usuario: admin (ID: 1)
[2025-04-25 03:18:40] [DEBUG] Token verificado para usuario: admin (ID: 1)
[2025-04-25 03:18:40] [DEBUG] Token verificado para usuario: admin (ID: 1)
[2025-04-25 03:18:40] [DEBUG] Token verificado para usuario: admin (ID: 1)
[2025-04-25 03:18:40] [DEBUG] Token verificado para usuario: admin (ID: 1)
[2025-04-25 03:18:40] [DEBUG] Token verificado para usuario: admin (ID: 1)
[2025-04-25 03:19:04] [DEBUG] Token verificado para usuario: admin (ID: 1)
[2025-04-25 03:19:04] [DEBUG] Token verificado para usuario: admin (ID: 1)
[2025-04-25 03:19:20] [DEBUG] Token verificado para usuario: admin (ID: 1)
[2025-04-25 03:19:20] [DEBUG] Token verificado para usuario: admin (ID: 1)
[2025-04-25 03:19:21] [DEBUG] Token verificado para usuario: admin (ID: 1)
[2025-04-25 03:19:21] [DEBUG] Token verificado para usuario: admin (ID: 1)
[2025-04-25 03:19:22] [DEBUG] Token verificado para usuario: admin (ID: 1)
[2025-04-25 03:19:22] [DEBUG] Token verificado para usuario: admin (ID: 1)
[2025-04-25 03:19:23] [DEBUG] Token verificado para usuario: admin (ID: 1)
[2025-04-25 03:19:23] [DEBUG] Token verificado para usuario: admin (ID: 1)
[2025-04-25 03:19:26] [DEBUG] Token verificado para usuario: admin (ID: 1)
[2025-04-25 03:19:26] [DEBUG] Token verificado para usuario: admin (ID: 1)
[2025-04-25 03:19:26] [DEBUG] Token verificado para usuario: admin (ID: 1)
[2025-04-25 03:19:26] [DEBUG] Token verificado para usuario: admin (ID: 1)
[2025-04-25 03:19:26] [DEBUG] Token verificado para usuario: admin (ID: 1)
[2025-04-25 03:19:26] [DEBUG] Token verificado para usuario: admin (ID: 1)
[2025-04-25 03:19:27] [DEBUG] Token verificado para usuario: admin (ID: 1)
[2025-04-25 03:19:27] [DEBUG] Token verificado para usuario: admin (ID: 1)
[2025-04-25 03:19:30] [DEBUG] Token verificado para usuario: admin (ID: 1)
[2025-04-25 03:19:30] [DEBUG] Token verificado para usuario: admin (ID: 1)
[2025-04-25 03:19:31] [DEBUG] Token verificado para usuario: admin (ID: 1)
[2025-04-25 03:19:31] [DEBUG] Token verificado para usuario: admin (ID: 1)
[2025-04-25 03:19:31] [DEBUG] Token verificado para usuario: admin (ID: 1)
[2025-04-25 03:19:31] [DEBUG] Token verificado para usuario: admin (ID: 1)
[2025-04-25 03:19:32] [DEBUG] Token verificado para usuario: admin (ID: 1)
[2025-04-25 03:19:32] [DEBUG] Token verificado para usuario: admin (ID: 1)
[2025-04-25 03:19:32] [DEBUG] Token verificado para usuario: admin (ID: 1)
[2025-04-25 03:19:32] [DEBUG] Token verificado para usuario: admin (ID: 1)
[2025-04-25 03:19:36] [DEBUG] Token verificado para usuario: admin (ID: 1)
[2025-04-25 03:19:47] [DEBUG] Token verificado para usuario: admin (ID: 1)
[2025-04-25 03:20:01] [DEBUG] Token verificado para usuario: admin (ID: 1)
[2025-04-25 03:20:12] [DEBUG] Token verificado para usuario: admin (ID: 1)
[2025-04-25 03:20:12] [ERROR] Faltan credenciales de WhatsApp Business API
[2025-04-25 03:20:12] [ERROR] Error al conectar con WhatsApp: Faltan credenciales de WhatsApp Business API. Configure phoneNumberId y accessToken.
[2025-04-25 03:21:32] [INFO] Logger iniciado
[2025-04-25 03:21:47] [INFO] Login exitoso: admin (ID: 1) - Rol: Administrador
[2025-04-25 03:21:47] [DEBUG] Token verificado para usuario: admin (ID: 1)
[2025-04-25 03:21:47] [DEBUG] Token verificado para usuario: admin (ID: 1)
[2025-04-25 03:21:47] [DEBUG] Token verificado para usuario: admin (ID: 1)
[2025-04-25 03:21:47] [DEBUG] Token verificado para usuario: admin (ID: 1)
[2025-04-25 03:21:47] [DEBUG] Token verificado para usuario: admin (ID: 1)
[2025-04-25 03:21:47] [DEBUG] Token verificado para usuario: admin (ID: 1)
[2025-04-25 03:21:47] [DEBUG] Token verificado para usuario: admin (ID: 1)
[2025-04-25 03:21:47] [DEBUG] Token verificado para usuario: admin (ID: 1)
[2025-04-25 03:21:47] [DEBUG] Token verificado para usuario: admin (ID: 1)
[2025-04-25 03:21:47] [DEBUG] Token verificado para usuario: admin (ID: 1)
[2025-04-25 03:21:47] [DEBUG] Token verificado para usuario: admin (ID: 1)
[2025-04-25 03:21:48] [DEBUG] Token verificado para usuario: admin (ID: 1)
[2025-04-25 03:21:48] [DEBUG] Token verificado para usuario: admin (ID: 1)
[2025-04-25 03:21:48] [DEBUG] Token verificado para usuario: admin (ID: 1)
[2025-04-25 03:21:48] [DEBUG] Token verificado para usuario: admin (ID: 1)
[2025-04-25 03:21:48] [DEBUG] Token verificado para usuario: admin (ID: 1)
[2025-04-25 03:21:48] [DEBUG] Token verificado para usuario: admin (ID: 1)
[2025-04-25 03:21:48] [DEBUG] Token verificado para usuario: admin (ID: 1)
[2025-04-25 03:21:48] [DEBUG] Token verificado para usuario: admin (ID: 1)
[2025-04-25 03:21:48] [DEBUG] Token verificado para usuario: admin (ID: 1)
[2025-04-25 03:21:48] [DEBUG] Token verificado para usuario: admin (ID: 1)
[2025-04-25 03:21:48] [DEBUG] Token verificado para usuario: admin (ID: 1)
[2025-04-25 03:21:48] [DEBUG] Token verificado para usuario: admin (ID: 1)
[2025-04-25 03:21:48] [DEBUG] Token verificado para usuario: admin (ID: 1)
[2025-04-25 03:21:48] [DEBUG] Token verificado para usuario: admin (ID: 1)
[2025-04-25 03:21:48] [DEBUG] Token verificado para usuario: admin (ID: 1)
[2025-04-25 03:21:48] [DEBUG] Token verificado para usuario: admin (ID: 1)
[2025-04-25 03:21:48] [DEBUG] Token verificado para usuario: admin (ID: 1)
[2025-04-25 03:22:14] [DEBUG] Token verificado para usuario: admin (ID: 1)
[2025-04-25 03:22:15] [DEBUG] Token verificado para usuario: admin (ID: 1)
[2025-04-25 03:22:16] [DEBUG] Token verificado para usuario: admin (ID: 1)
[2025-04-25 03:22:16] [DEBUG] Token verificado para usuario: admin (ID: 1)
[2025-04-25 03:22:16] [DEBUG] Token verificado para usuario: admin (ID: 1)
[2025-04-25 03:22:16] [DEBUG] Token verificado para usuario: admin (ID: 1)
[2025-04-25 03:22:17] [DEBUG] Token verificado para usuario: admin (ID: 1)
[2025-04-25 03:22:20] [DEBUG] Token verificado para usuario: admin (ID: 1)
[2025-04-25 03:22:27] [DEBUG] Token verificado para usuario: admin (ID: 1)
[2025-04-25 03:22:35] [DEBUG] Token verificado para usuario: admin (ID: 1)
[2025-04-25 03:22:35] [DEBUG] Token verificado para usuario: admin (ID: 1)
[2025-04-25 03:22:35] [DEBUG] Token verificado para usuario: admin (ID: 1)
[2025-04-25 03:22:42] [DEBUG] Token verificado para usuario: admin (ID: 1)
[2025-04-25 03:22:42] [DEBUG] Token verificado para usuario: admin (ID: 1)
[2025-04-25 03:22:42] [DEBUG] Token verificado para usuario: admin (ID: 1)
[2025-04-25 03:22:48] [DEBUG] Token verificado para usuario: admin (ID: 1)
[2025-04-25 03:22:49] [DEBUG] Token verificado para usuario: admin (ID: 1)
[2025-04-25 03:22:50] [DEBUG] Token verificado para usuario: admin (ID: 1)
[2025-04-25 03:22:50] [DEBUG] Token verificado para usuario: admin (ID: 1)
[2025-04-25 03:22:50] [DEBUG] Token verificado para usuario: admin (ID: 1)
[2025-04-25 03:22:50] [DEBUG] Token verificado para usuario: admin (ID: 1)
[2025-04-25 03:22:50] [DEBUG] Token verificado para usuario: admin (ID: 1)
[2025-04-25 03:22:51] [DEBUG] Token verificado para usuario: admin (ID: 1)
[2025-04-25 03:22:51] [DEBUG] Token verificado para usuario: admin (ID: 1)
[2025-04-25 03:22:51] [DEBUG] Token verificado para usuario: admin (ID: 1)
[2025-04-25 03:23:19] [DEBUG] Token verificado para usuario: admin (ID: 1)
[2025-04-25 03:23:32] [DEBUG] Token verificado para usuario: admin (ID: 1)
[2025-04-25 03:23:34] [DEBUG] Token verificado para usuario: admin (ID: 1)
[2025-04-25 03:23:34] [DEBUG] Token verificado para usuario: admin (ID: 1)
[2025-04-25 03:23:38] [DEBUG] Token verificado para usuario: admin (ID: 1)
[2025-04-25 03:24:46] [DEBUG] Token verificado para usuario: admin (ID: 1)
[2025-04-25 03:24:58] [DEBUG] Token verificado para usuario: admin (ID: 1)
[2025-04-25 03:24:58] [DEBUG] Token verificado para usuario: admin (ID: 1)
[2025-04-25 03:32:28] [DEBUG] Token verificado para usuario: admin (ID: 1)
[2025-04-25 03:32:38] [DEBUG] Token verificado para usuario: admin (ID: 1)
[2025-04-25 03:32:38] [DEBUG] Token verificado para usuario: admin (ID: 1)
[2025-04-25 03:32:38] [DEBUG] Token verificado para usuario: admin (ID: 1)
[2025-04-25 03:48:04] [INFO] Logger iniciado
[2025-04-25 03:48:22] [INFO] Login exitoso: admin (ID: 1) - Rol: Administrador
[2025-04-25 03:48:22] [DEBUG] Token verificado para usuario: admin (ID: 1)
[2025-04-25 03:48:22] [DEBUG] Token verificado para usuario: admin (ID: 1)
[2025-04-25 03:48:22] [DEBUG] Token verificado para usuario: admin (ID: 1)
[2025-04-25 03:48:22] [DEBUG] Token verificado para usuario: admin (ID: 1)
[2025-04-25 03:48:22] [DEBUG] Token verificado para usuario: admin (ID: 1)
[2025-04-25 03:48:23] [DEBUG] Token verificado para usuario: admin (ID: 1)
[2025-04-25 03:48:23] [DEBUG] Token verificado para usuario: admin (ID: 1)
[2025-04-25 03:48:23] [DEBUG] Token verificado para usuario: admin (ID: 1)
[2025-04-25 03:48:23] [DEBUG] Token verificado para usuario: admin (ID: 1)
[2025-04-25 03:48:23] [DEBUG] Token verificado para usuario: admin (ID: 1)
[2025-04-25 03:48:23] [DEBUG] Token verificado para usuario: admin (ID: 1)
[2025-04-25 03:48:23] [DEBUG] Token verificado para usuario: admin (ID: 1)
[2025-04-25 03:48:23] [DEBUG] Token verificado para usuario: admin (ID: 1)
[2025-04-25 03:48:23] [DEBUG] Token verificado para usuario: admin (ID: 1)
[2025-04-25 03:48:23] [DEBUG] Token verificado para usuario: admin (ID: 1)
[2025-04-25 03:48:23] [DEBUG] Token verificado para usuario: admin (ID: 1)
[2025-04-25 03:48:23] [DEBUG] Token verificado para usuario: admin (ID: 1)
[2025-04-25 03:48:23] [DEBUG] Token verificado para usuario: admin (ID: 1)
[2025-04-25 03:48:23] [DEBUG] Token verificado para usuario: admin (ID: 1)
[2025-04-25 03:48:23] [DEBUG] Token verificado para usuario: admin (ID: 1)
[2025-04-25 03:48:23] [DEBUG] Token verificado para usuario: admin (ID: 1)
[2025-04-25 03:48:23] [DEBUG] Token verificado para usuario: admin (ID: 1)
[2025-04-25 03:48:23] [DEBUG] Token verificado para usuario: admin (ID: 1)
[2025-04-25 03:48:23] [DEBUG] Token verificado para usuario: admin (ID: 1)
[2025-04-25 03:48:23] [DEBUG] Token verificado para usuario: admin (ID: 1)
[2025-04-25 03:48:23] [DEBUG] Token verificado para usuario: admin (ID: 1)
[2025-04-25 03:48:23] [DEBUG] Token verificado para usuario: admin (ID: 1)
[2025-04-25 03:48:23] [DEBUG] Token verificado para usuario: admin (ID: 1)
[2025-04-25 03:48:39] [DEBUG] Token verificado para usuario: admin (ID: 1)
[2025-04-25 03:48:45] [DEBUG] Token verificado para usuario: admin (ID: 1)
[2025-04-25 03:48:45] [ERROR] Faltan credenciales de WhatsApp Business API
[2025-04-25 03:48:45] [ERROR] Error al conectar con WhatsApp: Faltan credenciales de WhatsApp Business API. Configure phoneNumberId y accessToken.
[2025-04-25 03:48:50] [DEBUG] Token verificado para usuario: admin (ID: 1)
[2025-04-25 03:48:50] [ERROR] Faltan credenciales de WhatsApp Business API
[2025-04-25 03:48:50] [ERROR] Error al conectar con WhatsApp: Faltan credenciales de WhatsApp Business API. Configure phoneNumberId y accessToken.
[2025-04-25 03:49:05] [DEBUG] Token verificado para usuario: admin (ID: 1)
[2025-04-25 03:49:06] [DEBUG] Token verificado para usuario: admin (ID: 1)
[2025-04-25 03:49:06] [DEBUG] Token verificado para usuario: admin (ID: 1)
[2025-04-25 03:49:06] [DEBUG] Token verificado para usuario: admin (ID: 1)
[2025-04-25 03:49:06] [DEBUG] Token verificado para usuario: admin (ID: 1)
[2025-04-25 03:49:06] [DEBUG] Token verificado para usuario: admin (ID: 1)
[2025-04-25 03:49:06] [DEBUG] Token verificado para usuario: admin (ID: 1)
[2025-04-25 03:49:06] [DEBUG] Token verificado para usuario: admin (ID: 1)
[2025-04-25 03:49:06] [DEBUG] Token verificado para usuario: admin (ID: 1)
[2025-04-25 03:49:06] [DEBUG] Token verificado para usuario: admin (ID: 1)
[2025-04-25 03:49:06] [DEBUG] Token verificado para usuario: admin (ID: 1)
[2025-04-25 03:49:06] [DEBUG] Token verificado para usuario: admin (ID: 1)
[2025-04-25 03:49:06] [DEBUG] Token verificado para usuario: admin (ID: 1)
[2025-04-25 03:49:06] [DEBUG] Token verificado para usuario: admin (ID: 1)
[2025-04-25 03:49:06] [DEBUG] Token verificado para usuario: admin (ID: 1)
[2025-04-25 03:49:06] [DEBUG] Token verificado para usuario: admin (ID: 1)
[2025-04-25 03:49:06] [DEBUG] Token verificado para usuario: admin (ID: 1)
[2025-04-25 03:49:06] [DEBUG] Token verificado para usuario: admin (ID: 1)
[2025-04-25 03:49:06] [DEBUG] Token verificado para usuario: admin (ID: 1)
[2025-04-25 03:49:06] [DEBUG] Token verificado para usuario: admin (ID: 1)
[2025-04-25 03:49:06] [DEBUG] Token verificado para usuario: admin (ID: 1)
[2025-04-25 03:49:06] [DEBUG] Token verificado para usuario: admin (ID: 1)
[2025-04-25 03:49:06] [DEBUG] Token verificado para usuario: admin (ID: 1)
[2025-04-25 03:49:06] [DEBUG] Token verificado para usuario: admin (ID: 1)
[2025-04-25 03:49:06] [DEBUG] Token verificado para usuario: admin (ID: 1)
[2025-04-25 03:49:06] [DEBUG] Token verificado para usuario: admin (ID: 1)
[2025-04-25 03:49:06] [DEBUG] Token verificado para usuario: admin (ID: 1)
[2025-04-25 03:49:06] [DEBUG] Token verificado para usuario: admin (ID: 1)
[2025-04-25 03:49:11] [DEBUG] Token verificado para usuario: admin (ID: 1)
[2025-04-25 03:49:11] [DEBUG] Token verificado para usuario: admin (ID: 1)
[2025-04-25 03:49:11] [DEBUG] Token verificado para usuario: admin (ID: 1)
[2025-04-25 03:49:11] [DEBUG] Token verificado para usuario: admin (ID: 1)
[2025-04-25 03:49:11] [DEBUG] Token verificado para usuario: admin (ID: 1)
[2025-04-25 03:49:11] [DEBUG] Token verificado para usuario: admin (ID: 1)
[2025-04-25 03:49:12] [DEBUG] Token verificado para usuario: admin (ID: 1)
[2025-04-25 03:49:12] [DEBUG] Token verificado para usuario: admin (ID: 1)
[2025-04-25 03:49:12] [DEBUG] Token verificado para usuario: admin (ID: 1)
[2025-04-25 03:49:12] [DEBUG] Token verificado para usuario: admin (ID: 1)
[2025-04-25 03:49:12] [DEBUG] Token verificado para usuario: admin (ID: 1)
[2025-04-25 03:49:12] [DEBUG] Token verificado para usuario: admin (ID: 1)
[2025-04-25 03:49:12] [DEBUG] Token verificado para usuario: admin (ID: 1)
[2025-04-25 03:49:12] [DEBUG] Token verificado para usuario: admin (ID: 1)
[2025-04-25 03:49:12] [DEBUG] Token verificado para usuario: admin (ID: 1)
[2025-04-25 03:49:12] [DEBUG] Token verificado para usuario: admin (ID: 1)
[2025-04-25 03:49:12] [DEBUG] Token verificado para usuario: admin (ID: 1)
[2025-04-25 03:49:12] [DEBUG] Token verificado para usuario: admin (ID: 1)
[2025-04-25 03:49:12] [DEBUG] Token verificado para usuario: admin (ID: 1)
[2025-04-25 03:49:12] [DEBUG] Token verificado para usuario: admin (ID: 1)
[2025-04-25 03:49:12] [DEBUG] Token verificado para usuario: admin (ID: 1)
[2025-04-25 03:49:12] [DEBUG] Token verificado para usuario: admin (ID: 1)
[2025-04-25 03:49:12] [DEBUG] Token verificado para usuario: admin (ID: 1)
[2025-04-25 03:49:12] [DEBUG] Token verificado para usuario: admin (ID: 1)
[2025-04-25 03:49:12] [DEBUG] Token verificado para usuario: admin (ID: 1)
[2025-04-25 03:49:12] [DEBUG] Token verificado para usuario: admin (ID: 1)
[2025-04-25 03:49:12] [DEBUG] Token verificado para usuario: admin (ID: 1)
[2025-04-25 03:49:12] [DEBUG] Token verificado para usuario: admin (ID: 1)
[2025-04-25 03:49:22] [INFO] Logger iniciado
[2025-04-25 03:49:26] [DEBUG] Token verificado para usuario: admin (ID: 1)
[2025-04-25 03:49:26] [DEBUG] Token verificado para usuario: admin (ID: 1)
[2025-04-25 03:49:26] [DEBUG] Token verificado para usuario: admin (ID: 1)
[2025-04-25 03:49:26] [DEBUG] Token verificado para usuario: admin (ID: 1)
[2025-04-25 03:49:26] [DEBUG] Token verificado para usuario: admin (ID: 1)
[2025-04-25 03:49:26] [DEBUG] Token verificado para usuario: admin (ID: 1)
[2025-04-25 03:49:26] [DEBUG] Token verificado para usuario: admin (ID: 1)
[2025-04-25 03:49:26] [DEBUG] Token verificado para usuario: admin (ID: 1)
[2025-04-25 03:49:26] [DEBUG] Token verificado para usuario: admin (ID: 1)
[2025-04-25 03:49:26] [DEBUG] Token verificado para usuario: admin (ID: 1)
[2025-04-25 03:49:26] [DEBUG] Token verificado para usuario: admin (ID: 1)
[2025-04-25 03:49:26] [DEBUG] Token verificado para usuario: admin (ID: 1)
[2025-04-25 03:49:26] [DEBUG] Token verificado para usuario: admin (ID: 1)
[2025-04-25 03:49:26] [DEBUG] Token verificado para usuario: admin (ID: 1)
[2025-04-25 03:49:26] [DEBUG] Token verificado para usuario: admin (ID: 1)
[2025-04-25 03:49:26] [DEBUG] Token verificado para usuario: admin (ID: 1)
[2025-04-25 03:49:26] [DEBUG] Token verificado para usuario: admin (ID: 1)
[2025-04-25 03:49:26] [DEBUG] Token verificado para usuario: admin (ID: 1)
[2025-04-25 03:49:26] [DEBUG] Token verificado para usuario: admin (ID: 1)
[2025-04-25 03:49:26] [DEBUG] Token verificado para usuario: admin (ID: 1)
[2025-04-25 03:49:26] [DEBUG] Token verificado para usuario: admin (ID: 1)
[2025-04-25 03:49:26] [DEBUG] Token verificado para usuario: admin (ID: 1)
[2025-04-25 03:49:26] [DEBUG] Token verificado para usuario: admin (ID: 1)
[2025-04-25 03:49:26] [DEBUG] Token verificado para usuario: admin (ID: 1)
[2025-04-25 03:49:26] [DEBUG] Token verificado para usuario: admin (ID: 1)
[2025-04-25 03:49:26] [DEBUG] Token verificado para usuario: admin (ID: 1)
[2025-04-25 03:49:26] [DEBUG] Token verificado para usuario: admin (ID: 1)
[2025-04-25 03:49:26] [DEBUG] Token verificado para usuario: admin (ID: 1)
[2025-04-25 03:49:31] [DEBUG] Token verificado para usuario: admin (ID: 1)
[2025-04-25 03:49:31] [DEBUG] Token verificado para usuario: admin (ID: 1)
[2025-04-25 03:49:31] [DEBUG] Token verificado para usuario: admin (ID: 1)
[2025-04-25 03:49:31] [DEBUG] Token verificado para usuario: admin (ID: 1)
[2025-04-25 03:49:31] [DEBUG] Token verificado para usuario: admin (ID: 1)
[2025-04-25 03:49:31] [DEBUG] Token verificado para usuario: admin (ID: 1)
[2025-04-25 03:49:31] [DEBUG] Token verificado para usuario: admin (ID: 1)
[2025-04-25 03:49:31] [DEBUG] Token verificado para usuario: admin (ID: 1)
[2025-04-25 03:49:31] [DEBUG] Token verificado para usuario: admin (ID: 1)
[2025-04-25 03:49:31] [DEBUG] Token verificado para usuario: admin (ID: 1)
[2025-04-25 03:49:31] [DEBUG] Token verificado para usuario: admin (ID: 1)
[2025-04-25 03:49:56] [DEBUG] Token verificado para usuario: admin (ID: 1)
[2025-04-25 03:49:56] [ERROR] Faltan credenciales de WhatsApp Business API
[2025-04-25 03:49:56] [ERROR] Error al conectar con WhatsApp: Faltan credenciales de WhatsApp Business API. Configure phoneNumberId y accessToken.
[2025-04-25 03:50:16] [DEBUG] Token verificado para usuario: admin (ID: 1)
[2025-04-25 03:50:20] [DEBUG] Token verificado para usuario: admin (ID: 1)
[2025-04-25 03:50:20] [ERROR] Faltan credenciales de WhatsApp Business API
[2025-04-25 03:50:20] [ERROR] Error al conectar con WhatsApp: Faltan credenciales de WhatsApp Business API. Configure phoneNumberId y accessToken.
[2025-04-25 03:50:24] [DEBUG] Token verificado para usuario: admin (ID: 1)
[2025-04-25 03:50:24] [ERROR] Faltan credenciales de WhatsApp Business API
[2025-04-25 03:50:24] [ERROR] Error al conectar con WhatsApp: Faltan credenciales de WhatsApp Business API. Configure phoneNumberId y accessToken.
[2025-04-25 04:16:33] [INFO] Logger iniciado
[2025-04-25 04:16:33] [ERROR] Error al cargar configuración de WhatsApp: Error: this.loadConfigFromDatabase is not a function
Stack: TypeError: this.loadConfigFromDatabase is not a function
    at WhatsAppService.loadConfig (C:\Users\Pc\Desktop\Cobranza - v4\services\whatsapp.service.js:57:18)
    at new WhatsAppService (C:\Users\Pc\Desktop\Cobranza - v4\services\whatsapp.service.js:41:14)
    at Object.<anonymous> (C:\Users\Pc\Desktop\Cobranza - v4\services\whatsapp.service.js:275:18)
    at Module._compile (node:internal/modules/cjs/loader:1554:14)
    at Object..js (node:internal/modules/cjs/loader:1706:10)
    at Module.load (node:internal/modules/cjs/loader:1289:32)
    at Function._load (node:internal/modules/cjs/loader:1108:12)
    at TracingChannel.traceSync (node:diagnostics_channel:322:14)
    at wrapModuleLoad (node:internal/modules/cjs/loader:220:24)
    at Module.require (node:internal/modules/cjs/loader:1311:12)
[2025-04-25 04:16:33] [ERROR] Error al cargar configuración de WhatsApp: Error: this.loadConfigFromDatabase is not a function
Stack: TypeError: this.loadConfigFromDatabase is not a function
    at WhatsAppService.loadConfig (C:\Users\Pc\Desktop\Cobranza - v4\services\whatsapp.service.js:57:18)
    at new WhatsAppService (C:\Users\Pc\Desktop\Cobranza - v4\services\whatsapp.service.js:41:14)
    at Object.<anonymous> (C:\Users\Pc\Desktop\Cobranza - v4\services\whatsapp.service.js:278:18)
    at Module._compile (node:internal/modules/cjs/loader:1554:14)
    at Object..js (node:internal/modules/cjs/loader:1706:10)
    at Module.load (node:internal/modules/cjs/loader:1289:32)
    at Function._load (node:internal/modules/cjs/loader:1108:12)
    at TracingChannel.traceSync (node:diagnostics_channel:322:14)
    at wrapModuleLoad (node:internal/modules/cjs/loader:220:24)
    at Module.require (node:internal/modules/cjs/loader:1311:12)
[2025-04-25 04:16:38] [DEBUG] Token verificado para usuario: admin (ID: 1)
[2025-04-25 04:16:38] [DEBUG] Token verificado para usuario: admin (ID: 1)
[2025-04-25 04:16:38] [DEBUG] Token verificado para usuario: admin (ID: 1)
[2025-04-25 04:16:38] [DEBUG] Token verificado para usuario: admin (ID: 1)
[2025-04-25 04:16:38] [DEBUG] Token verificado para usuario: admin (ID: 1)
[2025-04-25 04:16:38] [DEBUG] Token verificado para usuario: admin (ID: 1)
[2025-04-25 04:16:38] [DEBUG] Token verificado para usuario: admin (ID: 1)
[2025-04-25 04:16:38] [DEBUG] Token verificado para usuario: admin (ID: 1)
[2025-04-25 04:16:38] [DEBUG] Token verificado para usuario: admin (ID: 1)
[2025-04-25 04:16:38] [DEBUG] Token verificado para usuario: admin (ID: 1)
[2025-04-25 04:16:38] [DEBUG] Token verificado para usuario: admin (ID: 1)
[2025-04-25 04:16:38] [DEBUG] Token verificado para usuario: admin (ID: 1)
[2025-04-25 04:16:38] [DEBUG] Token verificado para usuario: admin (ID: 1)
[2025-04-25 04:16:38] [DEBUG] Token verificado para usuario: admin (ID: 1)
[2025-04-25 04:16:38] [DEBUG] Token verificado para usuario: admin (ID: 1)
[2025-04-25 04:16:38] [DEBUG] Token verificado para usuario: admin (ID: 1)
[2025-04-25 04:16:38] [DEBUG] Token verificado para usuario: admin (ID: 1)
[2025-04-25 04:16:38] [DEBUG] Token verificado para usuario: admin (ID: 1)
[2025-04-25 04:16:38] [DEBUG] Token verificado para usuario: admin (ID: 1)
[2025-04-25 04:16:38] [DEBUG] Token verificado para usuario: admin (ID: 1)
[2025-04-25 04:16:38] [DEBUG] Token verificado para usuario: admin (ID: 1)
[2025-04-25 04:16:38] [DEBUG] Token verificado para usuario: admin (ID: 1)
[2025-04-25 04:16:38] [DEBUG] Token verificado para usuario: admin (ID: 1)
[2025-04-25 04:16:38] [DEBUG] Token verificado para usuario: admin (ID: 1)
[2025-04-25 04:16:38] [DEBUG] Token verificado para usuario: admin (ID: 1)
[2025-04-25 04:16:38] [DEBUG] Token verificado para usuario: admin (ID: 1)
[2025-04-25 04:17:06] [DEBUG] Token verificado para usuario: admin (ID: 1)
[2025-04-25 04:17:12] [DEBUG] Token verificado para usuario: admin (ID: 1)
[2025-04-25 04:17:15] [DEBUG] Token verificado para usuario: admin (ID: 1)
[2025-04-25 04:17:19] [DEBUG] Token verificado para usuario: admin (ID: 1)
[2025-04-25 04:17:24] [DEBUG] Token verificado para usuario: admin (ID: 1)
[2025-04-25 04:18:38] [DEBUG] Token verificado para usuario: admin (ID: 1)
[2025-04-25 04:18:42] [DEBUG] Token verificado para usuario: admin (ID: 1)
[2025-04-25 04:18:42] [DEBUG] Token verificado para usuario: admin (ID: 1)
[2025-04-25 04:18:42] [DEBUG] Token verificado para usuario: admin (ID: 1)
[2025-04-25 04:18:42] [DEBUG] Token verificado para usuario: admin (ID: 1)
[2025-04-25 04:18:42] [DEBUG] Token verificado para usuario: admin (ID: 1)
[2025-04-25 04:18:42] [DEBUG] Token verificado para usuario: admin (ID: 1)
[2025-04-25 04:18:42] [DEBUG] Token verificado para usuario: admin (ID: 1)
[2025-04-25 04:18:42] [DEBUG] Token verificado para usuario: admin (ID: 1)
[2025-04-25 04:18:42] [DEBUG] Token verificado para usuario: admin (ID: 1)
[2025-04-25 04:18:42] [DEBUG] Token verificado para usuario: admin (ID: 1)
[2025-04-25 04:18:42] [DEBUG] Token verificado para usuario: admin (ID: 1)
[2025-04-25 04:18:42] [DEBUG] Token verificado para usuario: admin (ID: 1)
[2025-04-25 04:18:42] [DEBUG] Token verificado para usuario: admin (ID: 1)
[2025-04-25 04:18:42] [DEBUG] Token verificado para usuario: admin (ID: 1)
[2025-04-25 04:18:42] [DEBUG] Token verificado para usuario: admin (ID: 1)
[2025-04-25 04:18:42] [DEBUG] Token verificado para usuario: admin (ID: 1)
[2025-04-25 04:18:42] [DEBUG] Token verificado para usuario: admin (ID: 1)
[2025-04-25 04:18:42] [DEBUG] Token verificado para usuario: admin (ID: 1)
[2025-04-25 04:18:42] [DEBUG] Token verificado para usuario: admin (ID: 1)
[2025-04-25 04:18:42] [DEBUG] Token verificado para usuario: admin (ID: 1)
[2025-04-25 04:18:42] [DEBUG] Token verificado para usuario: admin (ID: 1)
[2025-04-25 04:18:42] [DEBUG] Token verificado para usuario: admin (ID: 1)
[2025-04-25 04:18:42] [DEBUG] Token verificado para usuario: admin (ID: 1)
[2025-04-25 04:18:42] [DEBUG] Token verificado para usuario: admin (ID: 1)
[2025-04-25 04:18:42] [DEBUG] Token verificado para usuario: admin (ID: 1)
[2025-04-25 04:18:42] [DEBUG] Token verificado para usuario: admin (ID: 1)
[2025-04-25 04:20:38] [DEBUG] Token verificado para usuario: admin (ID: 1)
[2025-04-25 04:34:42] [INFO] Logger iniciado
[2025-04-25 04:34:43] [ERROR] Error al cargar configuración de WhatsApp: Error: this.loadConfigFromDatabase is not a function
Stack: TypeError: this.loadConfigFromDatabase is not a function
    at WhatsAppService.loadConfig (C:\Users\Pc\Desktop\Cobranza - v4\services\whatsapp.service.js:57:18)
    at new WhatsAppService (C:\Users\Pc\Desktop\Cobranza - v4\services\whatsapp.service.js:41:14)
    at Object.<anonymous> (C:\Users\Pc\Desktop\Cobranza - v4\services\whatsapp.service.js:275:18)
    at Module._compile (node:internal/modules/cjs/loader:1554:14)
    at Object..js (node:internal/modules/cjs/loader:1706:10)
    at Module.load (node:internal/modules/cjs/loader:1289:32)
    at Function._load (node:internal/modules/cjs/loader:1108:12)
    at TracingChannel.traceSync (node:diagnostics_channel:322:14)
    at wrapModuleLoad (node:internal/modules/cjs/loader:220:24)
    at Module.require (node:internal/modules/cjs/loader:1311:12)
[2025-04-25 04:34:43] [ERROR] Error al cargar configuración de WhatsApp: Error: this.loadConfigFromDatabase is not a function
Stack: TypeError: this.loadConfigFromDatabase is not a function
    at WhatsAppService.loadConfig (C:\Users\Pc\Desktop\Cobranza - v4\services\whatsapp.service.js:57:18)
    at new WhatsAppService (C:\Users\Pc\Desktop\Cobranza - v4\services\whatsapp.service.js:41:14)
    at Object.<anonymous> (C:\Users\Pc\Desktop\Cobranza - v4\services\whatsapp.service.js:278:18)
    at Module._compile (node:internal/modules/cjs/loader:1554:14)
    at Object..js (node:internal/modules/cjs/loader:1706:10)
    at Module.load (node:internal/modules/cjs/loader:1289:32)
    at Function._load (node:internal/modules/cjs/loader:1108:12)
    at TracingChannel.traceSync (node:diagnostics_channel:322:14)
    at wrapModuleLoad (node:internal/modules/cjs/loader:220:24)
    at Module.require (node:internal/modules/cjs/loader:1311:12)
[2025-04-25 04:34:50] [DEBUG] Token verificado para usuario: admin (ID: 1)
[2025-04-25 04:34:50] [DEBUG] Token verificado para usuario: admin (ID: 1)
[2025-04-25 04:34:50] [DEBUG] Token verificado para usuario: admin (ID: 1)
[2025-04-25 04:34:50] [DEBUG] Token verificado para usuario: admin (ID: 1)
[2025-04-25 04:34:50] [DEBUG] Token verificado para usuario: admin (ID: 1)
[2025-04-25 04:34:50] [DEBUG] Token verificado para usuario: admin (ID: 1)
[2025-04-25 04:34:50] [DEBUG] Token verificado para usuario: admin (ID: 1)
[2025-04-25 04:34:50] [DEBUG] Token verificado para usuario: admin (ID: 1)
[2025-04-25 04:34:50] [DEBUG] Token verificado para usuario: admin (ID: 1)
[2025-04-25 04:34:50] [DEBUG] Token verificado para usuario: admin (ID: 1)
[2025-04-25 04:34:50] [DEBUG] Token verificado para usuario: admin (ID: 1)
[2025-04-25 04:34:50] [DEBUG] Token verificado para usuario: admin (ID: 1)
[2025-04-25 04:34:51] [DEBUG] Token verificado para usuario: admin (ID: 1)
[2025-04-25 04:34:51] [DEBUG] Token verificado para usuario: admin (ID: 1)
[2025-04-25 04:34:51] [DEBUG] Token verificado para usuario: admin (ID: 1)
[2025-04-25 04:34:51] [DEBUG] Token verificado para usuario: admin (ID: 1)
[2025-04-25 04:34:51] [DEBUG] Token verificado para usuario: admin (ID: 1)
[2025-04-25 04:34:51] [DEBUG] Token verificado para usuario: admin (ID: 1)
[2025-04-25 04:34:51] [DEBUG] Token verificado para usuario: admin (ID: 1)
[2025-04-25 04:34:51] [DEBUG] Token verificado para usuario: admin (ID: 1)
[2025-04-25 04:34:51] [DEBUG] Token verificado para usuario: admin (ID: 1)
[2025-04-25 04:34:51] [DEBUG] Token verificado para usuario: admin (ID: 1)
[2025-04-25 04:34:51] [DEBUG] Token verificado para usuario: admin (ID: 1)
[2025-04-25 04:34:51] [DEBUG] Token verificado para usuario: admin (ID: 1)
[2025-04-25 04:34:51] [DEBUG] Token verificado para usuario: admin (ID: 1)
[2025-04-25 04:34:51] [DEBUG] Token verificado para usuario: admin (ID: 1)
[2025-04-25 04:35:06] [DEBUG] Token verificado para usuario: admin (ID: 1)
[2025-04-25 04:35:26] [DEBUG] Token verificado para usuario: admin (ID: 1)
[2025-04-25 04:35:26] [DEBUG] Token verificado para usuario: admin (ID: 1)
[2025-04-25 04:35:26] [DEBUG] Token verificado para usuario: admin (ID: 1)
[2025-04-25 04:35:26] [DEBUG] Token verificado para usuario: admin (ID: 1)
[2025-04-25 04:35:26] [DEBUG] Token verificado para usuario: admin (ID: 1)
[2025-04-25 04:35:26] [DEBUG] Token verificado para usuario: admin (ID: 1)
[2025-04-25 04:35:26] [DEBUG] Token verificado para usuario: admin (ID: 1)
[2025-04-25 04:35:26] [DEBUG] Token verificado para usuario: admin (ID: 1)
[2025-04-25 04:35:26] [DEBUG] Token verificado para usuario: admin (ID: 1)
[2025-04-25 04:35:26] [DEBUG] Token verificado para usuario: admin (ID: 1)
[2025-04-25 04:35:26] [DEBUG] Token verificado para usuario: admin (ID: 1)
[2025-04-25 04:35:26] [DEBUG] Token verificado para usuario: admin (ID: 1)
[2025-04-25 04:35:26] [DEBUG] Token verificado para usuario: admin (ID: 1)
[2025-04-25 04:35:26] [DEBUG] Token verificado para usuario: admin (ID: 1)
[2025-04-25 04:35:26] [DEBUG] Token verificado para usuario: admin (ID: 1)
[2025-04-25 04:35:26] [DEBUG] Token verificado para usuario: admin (ID: 1)
[2025-04-25 04:35:26] [DEBUG] Token verificado para usuario: admin (ID: 1)
[2025-04-25 04:35:26] [DEBUG] Token verificado para usuario: admin (ID: 1)
[2025-04-25 04:35:26] [DEBUG] Token verificado para usuario: admin (ID: 1)
[2025-04-25 04:35:27] [DEBUG] Token verificado para usuario: admin (ID: 1)
[2025-04-25 04:35:27] [DEBUG] Token verificado para usuario: admin (ID: 1)
[2025-04-25 04:35:27] [DEBUG] Token verificado para usuario: admin (ID: 1)
[2025-04-25 04:35:27] [DEBUG] Token verificado para usuario: admin (ID: 1)
[2025-04-25 04:35:27] [DEBUG] Token verificado para usuario: admin (ID: 1)
[2025-04-25 04:35:27] [DEBUG] Token verificado para usuario: admin (ID: 1)
[2025-04-25 04:35:27] [DEBUG] Token verificado para usuario: admin (ID: 1)
[2025-04-25 04:35:37] [DEBUG] Token verificado para usuario: admin (ID: 1)
[2025-04-25 04:35:37] [DEBUG] Token verificado para usuario: admin (ID: 1)
[2025-04-25 04:35:40] [DEBUG] Token verificado para usuario: admin (ID: 1)
[2025-04-25 04:35:43] [DEBUG] Token verificado para usuario: admin (ID: 1)
[2025-04-25 04:35:49] [DEBUG] Token verificado para usuario: admin (ID: 1)
[2025-04-25 04:35:51] [DEBUG] Token verificado para usuario: admin (ID: 1)
[2025-04-25 04:35:51] [DEBUG] Token verificado para usuario: admin (ID: 1)
[2025-04-25 04:35:57] [DEBUG] Token verificado para usuario: admin (ID: 1)
[2025-04-25 04:35:59] [DEBUG] Token verificado para usuario: admin (ID: 1)
[2025-04-25 04:36:00] [DEBUG] Token verificado para usuario: admin (ID: 1)
[2025-04-25 04:36:28] [DEBUG] Token verificado para usuario: admin (ID: 1)
[2025-04-25 04:36:28] [DEBUG] Token verificado para usuario: admin (ID: 1)
[2025-04-25 04:36:28] [DEBUG] Token verificado para usuario: admin (ID: 1)
[2025-04-25 04:36:28] [DEBUG] Token verificado para usuario: admin (ID: 1)
[2025-04-25 04:36:28] [DEBUG] Token verificado para usuario: admin (ID: 1)
[2025-04-25 04:36:28] [DEBUG] Token verificado para usuario: admin (ID: 1)
[2025-04-25 04:36:28] [DEBUG] Token verificado para usuario: admin (ID: 1)
[2025-04-25 04:36:28] [DEBUG] Token verificado para usuario: admin (ID: 1)
[2025-04-25 04:36:28] [DEBUG] Token verificado para usuario: admin (ID: 1)
[2025-04-25 04:36:28] [DEBUG] Token verificado para usuario: admin (ID: 1)
[2025-04-25 04:36:28] [DEBUG] Token verificado para usuario: admin (ID: 1)
[2025-04-25 04:36:28] [DEBUG] Token verificado para usuario: admin (ID: 1)
[2025-04-25 04:36:28] [DEBUG] Token verificado para usuario: admin (ID: 1)
[2025-04-25 04:36:28] [DEBUG] Token verificado para usuario: admin (ID: 1)
[2025-04-25 04:36:28] [DEBUG] Token verificado para usuario: admin (ID: 1)
[2025-04-25 04:36:28] [DEBUG] Token verificado para usuario: admin (ID: 1)
[2025-04-25 04:36:28] [DEBUG] Token verificado para usuario: admin (ID: 1)
[2025-04-25 04:36:28] [DEBUG] Token verificado para usuario: admin (ID: 1)
[2025-04-25 04:36:28] [DEBUG] Token verificado para usuario: admin (ID: 1)
[2025-04-25 04:36:28] [DEBUG] Token verificado para usuario: admin (ID: 1)
[2025-04-25 04:36:28] [DEBUG] Token verificado para usuario: admin (ID: 1)
[2025-04-25 04:36:28] [DEBUG] Token verificado para usuario: admin (ID: 1)
[2025-04-25 04:36:28] [DEBUG] Token verificado para usuario: admin (ID: 1)
[2025-04-25 04:36:28] [DEBUG] Token verificado para usuario: admin (ID: 1)
[2025-04-25 04:36:28] [DEBUG] Token verificado para usuario: admin (ID: 1)
[2025-04-25 04:36:28] [DEBUG] Token verificado para usuario: admin (ID: 1)
[2025-04-25 04:37:21] [DEBUG] Token verificado para usuario: admin (ID: 1)
[2025-04-25 04:37:21] [DEBUG] Token verificado para usuario: admin (ID: 1)
[2025-04-25 04:37:21] [DEBUG] Token verificado para usuario: admin (ID: 1)
[2025-04-25 04:37:21] [DEBUG] Token verificado para usuario: admin (ID: 1)
[2025-04-25 04:37:21] [DEBUG] Token verificado para usuario: admin (ID: 1)
[2025-04-25 04:37:21] [DEBUG] Token verificado para usuario: admin (ID: 1)
[2025-04-25 04:37:21] [DEBUG] Token verificado para usuario: admin (ID: 1)
[2025-04-25 04:37:22] [DEBUG] Token verificado para usuario: admin (ID: 1)
[2025-04-25 04:37:22] [DEBUG] Token verificado para usuario: admin (ID: 1)
[2025-04-25 04:37:22] [DEBUG] Token verificado para usuario: admin (ID: 1)
[2025-04-25 04:37:22] [DEBUG] Token verificado para usuario: admin (ID: 1)
[2025-04-25 04:37:22] [DEBUG] Token verificado para usuario: admin (ID: 1)
[2025-04-25 04:37:22] [DEBUG] Token verificado para usuario: admin (ID: 1)
[2025-04-25 04:37:22] [DEBUG] Token verificado para usuario: admin (ID: 1)
[2025-04-25 04:37:22] [DEBUG] Token verificado para usuario: admin (ID: 1)
[2025-04-25 04:37:22] [DEBUG] Token verificado para usuario: admin (ID: 1)
[2025-04-25 04:37:22] [DEBUG] Token verificado para usuario: admin (ID: 1)
[2025-04-25 04:37:22] [DEBUG] Token verificado para usuario: admin (ID: 1)
[2025-04-25 04:37:22] [DEBUG] Token verificado para usuario: admin (ID: 1)
[2025-04-25 04:37:22] [DEBUG] Token verificado para usuario: admin (ID: 1)
[2025-04-25 04:37:22] [DEBUG] Token verificado para usuario: admin (ID: 1)
[2025-04-25 04:37:22] [DEBUG] Token verificado para usuario: admin (ID: 1)
[2025-04-25 04:37:22] [DEBUG] Token verificado para usuario: admin (ID: 1)
[2025-04-25 04:37:22] [DEBUG] Token verificado para usuario: admin (ID: 1)
[2025-04-25 04:37:22] [DEBUG] Token verificado para usuario: admin (ID: 1)
[2025-04-25 04:37:22] [DEBUG] Token verificado para usuario: admin (ID: 1)
[2025-04-25 04:37:36] [DEBUG] Token verificado para usuario: admin (ID: 1)
[2025-04-25 04:37:36] [DEBUG] Token verificado para usuario: admin (ID: 1)
[2025-04-25 04:37:36] [DEBUG] Token verificado para usuario: admin (ID: 1)
[2025-04-25 04:37:36] [DEBUG] Token verificado para usuario: admin (ID: 1)
[2025-04-25 04:37:37] [DEBUG] Token verificado para usuario: admin (ID: 1)
[2025-04-25 04:37:37] [DEBUG] Token verificado para usuario: admin (ID: 1)
[2025-04-25 04:37:37] [DEBUG] Token verificado para usuario: admin (ID: 1)
[2025-04-25 04:37:37] [DEBUG] Token verificado para usuario: admin (ID: 1)
[2025-04-25 04:37:37] [DEBUG] Token verificado para usuario: admin (ID: 1)
[2025-04-25 04:37:37] [DEBUG] Token verificado para usuario: admin (ID: 1)
[2025-04-25 04:37:37] [DEBUG] Token verificado para usuario: admin (ID: 1)
[2025-04-25 04:37:37] [DEBUG] Token verificado para usuario: admin (ID: 1)
[2025-04-25 04:37:37] [DEBUG] Token verificado para usuario: admin (ID: 1)
[2025-04-25 04:37:37] [DEBUG] Token verificado para usuario: admin (ID: 1)
[2025-04-25 04:37:37] [DEBUG] Token verificado para usuario: admin (ID: 1)
[2025-04-25 04:37:37] [DEBUG] Token verificado para usuario: admin (ID: 1)
[2025-04-25 04:37:37] [DEBUG] Token verificado para usuario: admin (ID: 1)
[2025-04-25 04:37:37] [DEBUG] Token verificado para usuario: admin (ID: 1)
[2025-04-25 04:37:37] [DEBUG] Token verificado para usuario: admin (ID: 1)
[2025-04-25 04:37:37] [DEBUG] Token verificado para usuario: admin (ID: 1)
[2025-04-25 04:37:37] [DEBUG] Token verificado para usuario: admin (ID: 1)
[2025-04-25 04:37:37] [DEBUG] Token verificado para usuario: admin (ID: 1)
[2025-04-25 04:37:37] [DEBUG] Token verificado para usuario: admin (ID: 1)
[2025-04-25 04:37:37] [DEBUG] Token verificado para usuario: admin (ID: 1)
[2025-04-25 04:37:37] [DEBUG] Token verificado para usuario: admin (ID: 1)
[2025-04-25 04:37:37] [DEBUG] Token verificado para usuario: admin (ID: 1)
[2025-04-25 04:37:37] [DEBUG] Token verificado para usuario: admin (ID: 1)
[2025-04-25 04:37:51] [DEBUG] Token verificado para usuario: admin (ID: 1)
[2025-04-25 04:38:25] [DEBUG] Token verificado para usuario: admin (ID: 1)
[2025-04-25 04:38:25] [DEBUG] Token verificado para usuario: admin (ID: 1)
[2025-04-25 04:38:25] [DEBUG] Token verificado para usuario: admin (ID: 1)
[2025-04-25 04:38:25] [DEBUG] Token verificado para usuario: admin (ID: 1)
[2025-04-25 04:38:25] [DEBUG] Token verificado para usuario: admin (ID: 1)
[2025-04-25 04:38:25] [DEBUG] Token verificado para usuario: admin (ID: 1)
[2025-04-25 04:38:25] [DEBUG] Token verificado para usuario: admin (ID: 1)
[2025-04-25 04:38:25] [DEBUG] Token verificado para usuario: admin (ID: 1)
[2025-04-25 04:38:25] [DEBUG] Token verificado para usuario: admin (ID: 1)
[2025-04-25 04:38:25] [DEBUG] Token verificado para usuario: admin (ID: 1)
[2025-04-25 04:38:25] [DEBUG] Token verificado para usuario: admin (ID: 1)
[2025-04-25 04:38:25] [DEBUG] Token verificado para usuario: admin (ID: 1)
[2025-04-25 04:38:25] [DEBUG] Token verificado para usuario: admin (ID: 1)
[2025-04-25 04:38:25] [DEBUG] Token verificado para usuario: admin (ID: 1)
[2025-04-25 04:38:25] [DEBUG] Token verificado para usuario: admin (ID: 1)
[2025-04-25 04:38:25] [DEBUG] Token verificado para usuario: admin (ID: 1)
[2025-04-25 04:38:25] [DEBUG] Token verificado para usuario: admin (ID: 1)
[2025-04-25 04:38:25] [DEBUG] Token verificado para usuario: admin (ID: 1)
[2025-04-25 04:38:25] [DEBUG] Token verificado para usuario: admin (ID: 1)
[2025-04-25 04:38:25] [DEBUG] Token verificado para usuario: admin (ID: 1)
[2025-04-25 04:38:25] [DEBUG] Token verificado para usuario: admin (ID: 1)
[2025-04-25 04:38:25] [DEBUG] Token verificado para usuario: admin (ID: 1)
[2025-04-25 04:38:25] [DEBUG] Token verificado para usuario: admin (ID: 1)
[2025-04-25 04:38:25] [DEBUG] Token verificado para usuario: admin (ID: 1)
[2025-04-25 04:38:25] [DEBUG] Token verificado para usuario: admin (ID: 1)
[2025-04-25 04:38:25] [DEBUG] Token verificado para usuario: admin (ID: 1)
[2025-04-25 04:38:43] [DEBUG] Token verificado para usuario: admin (ID: 1)
[2025-04-25 04:38:43] [DEBUG] Token verificado para usuario: admin (ID: 1)
[2025-04-25 04:38:43] [DEBUG] Token verificado para usuario: admin (ID: 1)
[2025-04-25 04:38:43] [DEBUG] Token verificado para usuario: admin (ID: 1)
[2025-04-25 04:38:43] [DEBUG] Token verificado para usuario: admin (ID: 1)
[2025-04-25 04:38:43] [DEBUG] Token verificado para usuario: admin (ID: 1)
[2025-04-25 04:38:43] [DEBUG] Token verificado para usuario: admin (ID: 1)
[2025-04-25 04:38:44] [DEBUG] Token verificado para usuario: admin (ID: 1)
[2025-04-25 04:38:44] [DEBUG] Token verificado para usuario: admin (ID: 1)
[2025-04-25 04:38:44] [DEBUG] Token verificado para usuario: admin (ID: 1)
[2025-04-25 04:38:44] [DEBUG] Token verificado para usuario: admin (ID: 1)
[2025-04-25 04:38:44] [DEBUG] Token verificado para usuario: admin (ID: 1)
[2025-04-25 04:38:44] [DEBUG] Token verificado para usuario: admin (ID: 1)
[2025-04-25 04:38:44] [DEBUG] Token verificado para usuario: admin (ID: 1)
[2025-04-25 04:38:44] [DEBUG] Token verificado para usuario: admin (ID: 1)
[2025-04-25 04:38:44] [DEBUG] Token verificado para usuario: admin (ID: 1)
[2025-04-25 04:38:44] [DEBUG] Token verificado para usuario: admin (ID: 1)
[2025-04-25 04:38:44] [DEBUG] Token verificado para usuario: admin (ID: 1)
[2025-04-25 04:38:44] [DEBUG] Token verificado para usuario: admin (ID: 1)
[2025-04-25 04:38:44] [DEBUG] Token verificado para usuario: admin (ID: 1)
[2025-04-25 04:38:44] [DEBUG] Token verificado para usuario: admin (ID: 1)
[2025-04-25 04:38:44] [DEBUG] Token verificado para usuario: admin (ID: 1)
[2025-04-25 04:38:44] [DEBUG] Token verificado para usuario: admin (ID: 1)
[2025-04-25 04:38:44] [DEBUG] Token verificado para usuario: admin (ID: 1)
[2025-04-25 04:38:44] [DEBUG] Token verificado para usuario: admin (ID: 1)
[2025-04-25 04:38:44] [DEBUG] Token verificado para usuario: admin (ID: 1)
[2025-04-25 04:38:44] [DEBUG] Token verificado para usuario: admin (ID: 1)
[2025-04-25 04:38:50] [DEBUG] Token verificado para usuario: admin (ID: 1)
[2025-04-25 04:38:54] [DEBUG] Token verificado para usuario: admin (ID: 1)
[2025-04-25 04:38:58] [DEBUG] Token verificado para usuario: admin (ID: 1)
[2025-04-25 04:38:58] [INFO] Directorio de backups creado: backups
[2025-04-25 04:38:58] [INFO] Ejecutando backup con comando: mysqldump --host=localhost --port=3306 --user=pegasus_user --password=XXXXX pegasus_cobros > "backups\backup_2025-04-25_09-38-58.sql"
[2025-04-25 04:38:58] [ERROR] Error ejecutando mysqldump: Error: Command failed: mysqldump --host=localhost --port=3306 --user=pegasus_user --password=pegasus_password --single-transaction --skip-lock-tables --set-gtid-purged=OFF --no-tablespaces --routines --triggers --events --opt pegasus_cobros > "backups\backup_2025-04-25_09-38-58.sql"
"mysqldump" no se reconoce como un comando interno o externo,
programa o archivo por lotes ejecutable.

Stack: Error: Command failed: mysqldump --host=localhost --port=3306 --user=pegasus_user --password=pegasus_password --single-transaction --skip-lock-tables --set-gtid-purged=OFF --no-tablespaces --routines --triggers --events --opt pegasus_cobros > "backups\backup_2025-04-25_09-38-58.sql"
"mysqldump" no se reconoce como un comando interno o externo,
programa o archivo por lotes ejecutable.

    at genericNodeError (node:internal/errors:983:15)
    at wrappedFn (node:internal/errors:537:14)
    at ChildProcess.exithandler (node:child_process:414:12)
    at ChildProcess.emit (node:events:518:28)
    at maybeClose (node:internal/child_process:1101:16)
    at ChildProcess._handle.onexit (node:internal/child_process:304:5)
[2025-04-25 04:38:58] [ERROR] Error al crear backup: Error: Error al crear backup: Command failed: mysqldump --host=localhost --port=3306 --user=pegasus_user --password=pegasus_password --single-transaction --skip-lock-tables --set-gtid-purged=OFF --no-tablespaces --routines --triggers --events --opt pegasus_cobros > "backups\backup_2025-04-25_09-38-58.sql"
"mysqldump" no se reconoce como un comando interno o externo,
programa o archivo por lotes ejecutable.

Stack: Error: Error al crear backup: Command failed: mysqldump --host=localhost --port=3306 --user=pegasus_user --password=pegasus_password --single-transaction --skip-lock-tables --set-gtid-purged=OFF --no-tablespaces --routines --triggers --events --opt pegasus_cobros > "backups\backup_2025-04-25_09-38-58.sql"
"mysqldump" no se reconoce como un comando interno o externo,
programa o archivo por lotes ejecutable.

    at DatabaseService.createBackup (C:\Users\Pc\Desktop\Cobranza - v4\services\database.service.js:139:23)
    at process.processTicksAndRejections (node:internal/process/task_queues:105:5)
    at async crearBackup (C:\Users\Pc\Desktop\Cobranza - v4\controllers\settings.controller.js:264:28)
[2025-04-25 04:39:29] [DEBUG] Token verificado para usuario: admin (ID: 1)
[2025-04-25 04:39:33] [DEBUG] Token verificado para usuario: admin (ID: 1)
[2025-04-25 04:39:36] [DEBUG] Token verificado para usuario: admin (ID: 1)
[2025-04-25 04:43:44] [DEBUG] Token verificado para usuario: admin (ID: 1)
[2025-04-25 04:43:44] [DEBUG] Token verificado para usuario: admin (ID: 1)
[2025-04-25 04:43:44] [DEBUG] Token verificado para usuario: admin (ID: 1)
[2025-04-25 04:48:44] [DEBUG] Token verificado para usuario: admin (ID: 1)
[2025-04-25 04:48:44] [DEBUG] Token verificado para usuario: admin (ID: 1)
[2025-04-25 04:48:44] [DEBUG] Token verificado para usuario: admin (ID: 1)
[2025-04-25 04:54:30] [DEBUG] Token verificado para usuario: admin (ID: 1)
[2025-04-25 04:54:30] [DEBUG] Token verificado para usuario: admin (ID: 1)
[2025-04-25 04:54:30] [DEBUG] Token verificado para usuario: admin (ID: 1)
[2025-04-25 04:54:30] [DEBUG] Token verificado para usuario: admin (ID: 1)
[2025-04-25 04:54:30] [DEBUG] Token verificado para usuario: admin (ID: 1)
[2025-04-25 04:54:30] [DEBUG] Token verificado para usuario: admin (ID: 1)
[2025-04-25 04:54:31] [DEBUG] Token verificado para usuario: admin (ID: 1)
[2025-04-25 04:54:31] [DEBUG] Token verificado para usuario: admin (ID: 1)
[2025-04-25 04:54:31] [DEBUG] Token verificado para usuario: admin (ID: 1)
[2025-04-25 04:54:31] [DEBUG] Token verificado para usuario: admin (ID: 1)
[2025-04-25 04:54:31] [DEBUG] Token verificado para usuario: admin (ID: 1)
[2025-04-25 04:54:31] [DEBUG] Token verificado para usuario: admin (ID: 1)
[2025-04-25 04:54:31] [DEBUG] Token verificado para usuario: admin (ID: 1)
[2025-04-25 04:54:31] [DEBUG] Token verificado para usuario: admin (ID: 1)
[2025-04-25 04:54:31] [DEBUG] Token verificado para usuario: admin (ID: 1)
[2025-04-25 04:54:31] [DEBUG] Token verificado para usuario: admin (ID: 1)
[2025-04-25 04:54:31] [DEBUG] Token verificado para usuario: admin (ID: 1)
[2025-04-25 04:54:31] [DEBUG] Token verificado para usuario: admin (ID: 1)
[2025-04-25 04:54:31] [DEBUG] Token verificado para usuario: admin (ID: 1)
[2025-04-25 04:54:31] [DEBUG] Token verificado para usuario: admin (ID: 1)
[2025-04-25 04:54:31] [DEBUG] Token verificado para usuario: admin (ID: 1)
[2025-04-25 04:54:31] [DEBUG] Token verificado para usuario: admin (ID: 1)
[2025-04-25 04:54:31] [DEBUG] Token verificado para usuario: admin (ID: 1)
[2025-04-25 04:54:31] [DEBUG] Token verificado para usuario: admin (ID: 1)
[2025-04-25 04:54:31] [DEBUG] Token verificado para usuario: admin (ID: 1)
[2025-04-25 04:54:31] [DEBUG] Token verificado para usuario: admin (ID: 1)
[2025-04-25 04:54:31] [DEBUG] Token verificado para usuario: admin (ID: 1)
[2025-04-25 04:54:36] [DEBUG] Token verificado para usuario: admin (ID: 1)
[2025-04-25 04:54:36] [DEBUG] Token verificado para usuario: admin (ID: 1)
[2025-04-25 04:54:36] [DEBUG] Token verificado para usuario: admin (ID: 1)
[2025-04-25 04:54:36] [DEBUG] Token verificado para usuario: admin (ID: 1)
[2025-04-25 04:54:36] [DEBUG] Token verificado para usuario: admin (ID: 1)
[2025-04-25 04:54:36] [DEBUG] Token verificado para usuario: admin (ID: 1)
[2025-04-25 04:54:36] [DEBUG] Token verificado para usuario: admin (ID: 1)
[2025-04-25 04:54:37] [DEBUG] Token verificado para usuario: admin (ID: 1)
[2025-04-25 04:54:37] [DEBUG] Token verificado para usuario: admin (ID: 1)
[2025-04-25 04:54:37] [DEBUG] Token verificado para usuario: admin (ID: 1)
[2025-04-25 04:54:37] [DEBUG] Token verificado para usuario: admin (ID: 1)
[2025-04-25 04:54:37] [DEBUG] Token verificado para usuario: admin (ID: 1)
[2025-04-25 04:54:37] [DEBUG] Token verificado para usuario: admin (ID: 1)
[2025-04-25 04:54:37] [DEBUG] Token verificado para usuario: admin (ID: 1)
[2025-04-25 04:54:37] [DEBUG] Token verificado para usuario: admin (ID: 1)
[2025-04-25 04:54:37] [DEBUG] Token verificado para usuario: admin (ID: 1)
[2025-04-25 04:54:37] [DEBUG] Token verificado para usuario: admin (ID: 1)
[2025-04-25 04:54:37] [DEBUG] Token verificado para usuario: admin (ID: 1)
[2025-04-25 04:54:37] [DEBUG] Token verificado para usuario: admin (ID: 1)
[2025-04-25 04:54:37] [DEBUG] Token verificado para usuario: admin (ID: 1)
[2025-04-25 04:54:37] [DEBUG] Token verificado para usuario: admin (ID: 1)
[2025-04-25 04:54:37] [DEBUG] Token verificado para usuario: admin (ID: 1)
[2025-04-25 04:54:37] [DEBUG] Token verificado para usuario: admin (ID: 1)
[2025-04-25 04:54:37] [DEBUG] Token verificado para usuario: admin (ID: 1)
[2025-04-25 04:54:37] [DEBUG] Token verificado para usuario: admin (ID: 1)
[2025-04-25 04:54:37] [DEBUG] Token verificado para usuario: admin (ID: 1)
[2025-04-25 04:54:37] [DEBUG] Token verificado para usuario: admin (ID: 1)
[2025-04-25 05:05:17] [INFO] Logger iniciado
[2025-04-25 05:05:17] [ERROR] Error al cargar configuración de WhatsApp: Error: this.loadConfigFromDatabase is not a function
Stack: TypeError: this.loadConfigFromDatabase is not a function
    at WhatsAppService.loadConfig (C:\Users\Pc\Desktop\Cobranza - v4\services\whatsapp.service.js:57:18)
    at new WhatsAppService (C:\Users\Pc\Desktop\Cobranza - v4\services\whatsapp.service.js:41:14)
    at Object.<anonymous> (C:\Users\Pc\Desktop\Cobranza - v4\services\whatsapp.service.js:275:18)
    at Module._compile (node:internal/modules/cjs/loader:1554:14)
    at Object..js (node:internal/modules/cjs/loader:1706:10)
    at Module.load (node:internal/modules/cjs/loader:1289:32)
    at Function._load (node:internal/modules/cjs/loader:1108:12)
    at TracingChannel.traceSync (node:diagnostics_channel:322:14)
    at wrapModuleLoad (node:internal/modules/cjs/loader:220:24)
    at Module.require (node:internal/modules/cjs/loader:1311:12)
[2025-04-25 05:05:17] [ERROR] Error al cargar configuración de WhatsApp: Error: this.loadConfigFromDatabase is not a function
Stack: TypeError: this.loadConfigFromDatabase is not a function
    at WhatsAppService.loadConfig (C:\Users\Pc\Desktop\Cobranza - v4\services\whatsapp.service.js:57:18)
    at new WhatsAppService (C:\Users\Pc\Desktop\Cobranza - v4\services\whatsapp.service.js:41:14)
    at Object.<anonymous> (C:\Users\Pc\Desktop\Cobranza - v4\services\whatsapp.service.js:278:18)
    at Module._compile (node:internal/modules/cjs/loader:1554:14)
    at Object..js (node:internal/modules/cjs/loader:1706:10)
    at Module.load (node:internal/modules/cjs/loader:1289:32)
    at Function._load (node:internal/modules/cjs/loader:1108:12)
    at TracingChannel.traceSync (node:diagnostics_channel:322:14)
    at wrapModuleLoad (node:internal/modules/cjs/loader:220:24)
    at Module.require (node:internal/modules/cjs/loader:1311:12)
[2025-04-25 05:05:23] [DEBUG] Token verificado para usuario: admin (ID: 1)
[2025-04-25 05:05:23] [DEBUG] Token verificado para usuario: admin (ID: 1)
[2025-04-25 05:05:23] [DEBUG] Token verificado para usuario: admin (ID: 1)
[2025-04-25 05:05:23] [DEBUG] Token verificado para usuario: admin (ID: 1)
[2025-04-25 05:05:23] [DEBUG] Token verificado para usuario: admin (ID: 1)
[2025-04-25 05:05:23] [DEBUG] Token verificado para usuario: admin (ID: 1)
[2025-04-25 05:05:23] [DEBUG] Token verificado para usuario: admin (ID: 1)
[2025-04-25 05:05:23] [DEBUG] Token verificado para usuario: admin (ID: 1)
[2025-04-25 05:05:23] [DEBUG] Token verificado para usuario: admin (ID: 1)
[2025-04-25 05:05:23] [DEBUG] Token verificado para usuario: admin (ID: 1)
[2025-04-25 05:05:23] [DEBUG] Token verificado para usuario: admin (ID: 1)
[2025-04-25 05:05:23] [DEBUG] Token verificado para usuario: admin (ID: 1)
[2025-04-25 05:05:23] [DEBUG] Token verificado para usuario: admin (ID: 1)
[2025-04-25 05:05:23] [DEBUG] Token verificado para usuario: admin (ID: 1)
[2025-04-25 05:05:23] [DEBUG] Token verificado para usuario: admin (ID: 1)
[2025-04-25 05:05:23] [DEBUG] Token verificado para usuario: admin (ID: 1)
[2025-04-25 05:05:23] [DEBUG] Token verificado para usuario: admin (ID: 1)
[2025-04-25 05:05:23] [DEBUG] Token verificado para usuario: admin (ID: 1)
[2025-04-25 05:05:23] [DEBUG] Token verificado para usuario: admin (ID: 1)
[2025-04-25 05:05:23] [DEBUG] Token verificado para usuario: admin (ID: 1)
[2025-04-25 05:05:23] [DEBUG] Token verificado para usuario: admin (ID: 1)
[2025-04-25 05:05:23] [DEBUG] Token verificado para usuario: admin (ID: 1)
[2025-04-25 05:05:23] [DEBUG] Token verificado para usuario: admin (ID: 1)
[2025-04-25 05:05:23] [DEBUG] Token verificado para usuario: admin (ID: 1)
[2025-04-25 05:05:23] [DEBUG] Token verificado para usuario: admin (ID: 1)
[2025-04-25 05:05:24] [DEBUG] Token verificado para usuario: admin (ID: 1)
[2025-04-25 05:05:24] [DEBUG] Token verificado para usuario: admin (ID: 1)
[2025-04-25 05:09:30] [DEBUG] Token verificado para usuario: admin (ID: 1)
[2025-04-25 05:09:30] [DEBUG] Token verificado para usuario: admin (ID: 1)
[2025-04-25 05:09:30] [DEBUG] Token verificado para usuario: admin (ID: 1)
[2025-04-25 05:09:30] [DEBUG] Token verificado para usuario: admin (ID: 1)
[2025-04-25 05:09:30] [DEBUG] Token verificado para usuario: admin (ID: 1)
[2025-04-25 05:09:30] [DEBUG] Token verificado para usuario: admin (ID: 1)
[2025-04-25 05:09:30] [DEBUG] Token verificado para usuario: admin (ID: 1)
[2025-04-25 05:09:30] [DEBUG] Token verificado para usuario: admin (ID: 1)
[2025-04-25 05:09:30] [DEBUG] Token verificado para usuario: admin (ID: 1)
[2025-04-25 05:09:30] [DEBUG] Token verificado para usuario: admin (ID: 1)
[2025-04-25 05:09:30] [DEBUG] Token verificado para usuario: admin (ID: 1)
[2025-04-25 05:09:30] [DEBUG] Token verificado para usuario: admin (ID: 1)
[2025-04-25 05:09:30] [DEBUG] Token verificado para usuario: admin (ID: 1)
[2025-04-25 05:09:30] [DEBUG] Token verificado para usuario: admin (ID: 1)
[2025-04-25 05:09:30] [DEBUG] Token verificado para usuario: admin (ID: 1)
[2025-04-25 05:09:30] [DEBUG] Token verificado para usuario: admin (ID: 1)
[2025-04-25 05:09:30] [DEBUG] Token verificado para usuario: admin (ID: 1)
[2025-04-25 05:09:31] [DEBUG] Token verificado para usuario: admin (ID: 1)
[2025-04-25 05:09:31] [DEBUG] Token verificado para usuario: admin (ID: 1)
[2025-04-25 05:09:31] [DEBUG] Token verificado para usuario: admin (ID: 1)
[2025-04-25 05:09:31] [DEBUG] Token verificado para usuario: admin (ID: 1)
[2025-04-25 05:09:31] [DEBUG] Token verificado para usuario: admin (ID: 1)
[2025-04-25 05:09:31] [DEBUG] Token verificado para usuario: admin (ID: 1)
[2025-04-25 05:09:31] [DEBUG] Token verificado para usuario: admin (ID: 1)
[2025-04-25 05:09:31] [DEBUG] Token verificado para usuario: admin (ID: 1)
[2025-04-25 05:09:31] [DEBUG] Token verificado para usuario: admin (ID: 1)
[2025-04-25 05:09:31] [DEBUG] Token verificado para usuario: admin (ID: 1)
[2025-04-25 05:24:23] [INFO] Logger iniciado
[2025-04-25 05:26:51] [INFO] Logger iniciado
[2025-04-25 05:26:51] [ERROR] Error al cargar configuración de WhatsApp: Error: this.loadConfigFromDatabase is not a function
Stack: TypeError: this.loadConfigFromDatabase is not a function
    at WhatsAppService.loadConfig (C:\Users\Pc\Desktop\Cobranza - v4\services\whatsapp.service.js:57:18)
    at new WhatsAppService (C:\Users\Pc\Desktop\Cobranza - v4\services\whatsapp.service.js:41:14)
    at Object.<anonymous> (C:\Users\Pc\Desktop\Cobranza - v4\services\whatsapp.service.js:275:18)
    at Module._compile (node:internal/modules/cjs/loader:1554:14)
    at Object..js (node:internal/modules/cjs/loader:1706:10)
    at Module.load (node:internal/modules/cjs/loader:1289:32)
    at Function._load (node:internal/modules/cjs/loader:1108:12)
    at TracingChannel.traceSync (node:diagnostics_channel:322:14)
    at wrapModuleLoad (node:internal/modules/cjs/loader:220:24)
    at Module.require (node:internal/modules/cjs/loader:1311:12)
[2025-04-25 05:26:51] [ERROR] Error al cargar configuración de WhatsApp: Error: this.loadConfigFromDatabase is not a function
Stack: TypeError: this.loadConfigFromDatabase is not a function
    at WhatsAppService.loadConfig (C:\Users\Pc\Desktop\Cobranza - v4\services\whatsapp.service.js:57:18)
    at new WhatsAppService (C:\Users\Pc\Desktop\Cobranza - v4\services\whatsapp.service.js:41:14)
    at Object.<anonymous> (C:\Users\Pc\Desktop\Cobranza - v4\services\whatsapp.service.js:278:18)
    at Module._compile (node:internal/modules/cjs/loader:1554:14)
    at Object..js (node:internal/modules/cjs/loader:1706:10)
    at Module.load (node:internal/modules/cjs/loader:1289:32)
    at Function._load (node:internal/modules/cjs/loader:1108:12)
    at TracingChannel.traceSync (node:diagnostics_channel:322:14)
    at wrapModuleLoad (node:internal/modules/cjs/loader:220:24)
    at Module.require (node:internal/modules/cjs/loader:1311:12)
[2025-04-25 05:27:07] [DEBUG] Token verificado para usuario: admin (ID: 1)
[2025-04-25 05:27:07] [DEBUG] Token verificado para usuario: admin (ID: 1)
[2025-04-25 05:27:07] [DEBUG] Token verificado para usuario: admin (ID: 1)
[2025-04-25 05:27:07] [DEBUG] Token verificado para usuario: admin (ID: 1)
[2025-04-25 05:27:07] [DEBUG] Token verificado para usuario: admin (ID: 1)
[2025-04-25 05:27:07] [DEBUG] Token verificado para usuario: admin (ID: 1)
[2025-04-25 05:27:07] [DEBUG] Token verificado para usuario: admin (ID: 1)
[2025-04-25 05:27:07] [DEBUG] Token verificado para usuario: admin (ID: 1)
[2025-04-25 05:27:07] [DEBUG] Token verificado para usuario: admin (ID: 1)
[2025-04-25 05:27:07] [DEBUG] Token verificado para usuario: admin (ID: 1)
[2025-04-25 05:27:07] [DEBUG] Token verificado para usuario: admin (ID: 1)
[2025-04-25 05:27:07] [DEBUG] Token verificado para usuario: admin (ID: 1)
[2025-04-25 05:27:07] [DEBUG] Token verificado para usuario: admin (ID: 1)
[2025-04-25 05:27:07] [DEBUG] Token verificado para usuario: admin (ID: 1)
[2025-04-25 05:27:07] [DEBUG] Token verificado para usuario: admin (ID: 1)
[2025-04-25 05:27:07] [DEBUG] Token verificado para usuario: admin (ID: 1)
[2025-04-25 05:27:07] [DEBUG] Token verificado para usuario: admin (ID: 1)
[2025-04-25 05:27:07] [DEBUG] Token verificado para usuario: admin (ID: 1)
[2025-04-25 05:27:07] [DEBUG] Token verificado para usuario: admin (ID: 1)
[2025-04-25 05:27:07] [DEBUG] Token verificado para usuario: admin (ID: 1)
[2025-04-25 05:27:07] [DEBUG] Token verificado para usuario: admin (ID: 1)
[2025-04-25 05:27:07] [DEBUG] Token verificado para usuario: admin (ID: 1)
[2025-04-25 05:27:08] [DEBUG] Token verificado para usuario: admin (ID: 1)
[2025-04-25 05:27:08] [DEBUG] Token verificado para usuario: admin (ID: 1)
[2025-04-25 05:27:08] [DEBUG] Token verificado para usuario: admin (ID: 1)
[2025-04-25 05:27:08] [DEBUG] Token verificado para usuario: admin (ID: 1)
[2025-04-25 05:27:08] [DEBUG] Token verificado para usuario: admin (ID: 1)
[2025-04-25 05:27:50] [INFO] Login exitoso: admin (ID: 1) - Rol: Administrador
[2025-04-25 05:27:50] [DEBUG] Token verificado para usuario: admin (ID: 1)
[2025-04-25 05:27:50] [DEBUG] Token verificado para usuario: admin (ID: 1)
[2025-04-25 05:27:50] [DEBUG] Token verificado para usuario: admin (ID: 1)
[2025-04-25 05:27:50] [DEBUG] Token verificado para usuario: admin (ID: 1)
[2025-04-25 05:27:50] [DEBUG] Token verificado para usuario: admin (ID: 1)
[2025-04-25 05:27:50] [DEBUG] Token verificado para usuario: admin (ID: 1)
[2025-04-25 05:27:50] [DEBUG] Token verificado para usuario: admin (ID: 1)
[2025-04-25 05:27:50] [DEBUG] Token verificado para usuario: admin (ID: 1)
[2025-04-25 05:27:50] [DEBUG] Token verificado para usuario: admin (ID: 1)
[2025-04-25 05:27:50] [DEBUG] Token verificado para usuario: admin (ID: 1)
[2025-04-25 05:27:50] [DEBUG] Token verificado para usuario: admin (ID: 1)
[2025-04-25 05:27:50] [DEBUG] Token verificado para usuario: admin (ID: 1)
[2025-04-25 05:27:50] [DEBUG] Token verificado para usuario: admin (ID: 1)
[2025-04-25 05:27:50] [DEBUG] Token verificado para usuario: admin (ID: 1)
[2025-04-25 05:27:50] [DEBUG] Token verificado para usuario: admin (ID: 1)
[2025-04-25 05:27:50] [DEBUG] Token verificado para usuario: admin (ID: 1)
[2025-04-25 05:27:50] [DEBUG] Token verificado para usuario: admin (ID: 1)
[2025-04-25 05:27:50] [DEBUG] Token verificado para usuario: admin (ID: 1)
[2025-04-25 05:27:50] [DEBUG] Token verificado para usuario: admin (ID: 1)
[2025-04-25 05:27:50] [DEBUG] Token verificado para usuario: admin (ID: 1)
[2025-04-25 05:27:50] [DEBUG] Token verificado para usuario: admin (ID: 1)
[2025-04-25 05:27:50] [DEBUG] Token verificado para usuario: admin (ID: 1)
[2025-04-25 05:27:50] [DEBUG] Token verificado para usuario: admin (ID: 1)
[2025-04-25 05:27:50] [DEBUG] Token verificado para usuario: admin (ID: 1)
[2025-04-25 05:27:51] [DEBUG] Token verificado para usuario: admin (ID: 1)
[2025-04-25 05:27:51] [DEBUG] Token verificado para usuario: admin (ID: 1)
[2025-04-25 05:27:51] [DEBUG] Token verificado para usuario: admin (ID: 1)
[2025-04-25 05:28:56] [DEBUG] Token verificado para usuario: admin (ID: 1)
[2025-04-25 05:29:00] [DEBUG] Token verificado para usuario: admin (ID: 1)
[2025-04-25 05:29:00] [DEBUG] Token verificado para usuario: admin (ID: 1)
[2025-04-25 05:29:01] [DEBUG] Token verificado para usuario: admin (ID: 1)
[2025-04-25 05:29:06] [DEBUG] Token verificado para usuario: admin (ID: 1)
[2025-04-25 05:29:08] [DEBUG] Token verificado para usuario: admin (ID: 1)
[2025-04-25 05:29:12] [DEBUG] Token verificado para usuario: admin (ID: 1)
[2025-04-25 05:29:12] [DEBUG] Token verificado para usuario: admin (ID: 1)
[2025-04-25 05:29:14] [DEBUG] Token verificado para usuario: admin (ID: 1)
[2025-04-25 05:29:14] [DEBUG] Token verificado para usuario: admin (ID: 1)
[2025-04-25 05:29:14] [DEBUG] Token verificado para usuario: admin (ID: 1)
[2025-04-25 05:29:14] [DEBUG] Token verificado para usuario: admin (ID: 1)
[2025-04-25 05:29:14] [DEBUG] Token verificado para usuario: admin (ID: 1)
[2025-04-25 05:29:14] [DEBUG] Token verificado para usuario: admin (ID: 1)
[2025-04-25 05:29:18] [DEBUG] Token verificado para usuario: admin (ID: 1)
[2025-04-25 05:29:18] [DEBUG] Token verificado para usuario: admin (ID: 1)
[2025-04-25 05:29:18] [DEBUG] Token verificado para usuario: admin (ID: 1)
[2025-04-25 05:29:18] [DEBUG] Token verificado para usuario: admin (ID: 1)
[2025-04-25 05:29:18] [DEBUG] Token verificado para usuario: admin (ID: 1)
[2025-04-25 05:29:18] [DEBUG] Token verificado para usuario: admin (ID: 1)
[2025-04-25 05:29:18] [DEBUG] Token verificado para usuario: admin (ID: 1)
[2025-04-25 05:29:19] [DEBUG] Token verificado para usuario: admin (ID: 1)
[2025-04-25 05:29:19] [DEBUG] Token verificado para usuario: admin (ID: 1)
[2025-04-25 05:29:19] [DEBUG] Token verificado para usuario: admin (ID: 1)
[2025-04-25 05:29:19] [DEBUG] Token verificado para usuario: admin (ID: 1)
[2025-04-25 05:30:48] [INFO] Logger iniciado
[2025-04-25 05:30:48] [ERROR] Error al cargar configuración de WhatsApp: Error: this.loadConfigFromDatabase is not a function
Stack: TypeError: this.loadConfigFromDatabase is not a function
    at WhatsAppService.loadConfig (C:\Users\Pc\Desktop\Cobranza - v4\services\whatsapp.service.js:57:18)
    at new WhatsAppService (C:\Users\Pc\Desktop\Cobranza - v4\services\whatsapp.service.js:41:14)
    at Object.<anonymous> (C:\Users\Pc\Desktop\Cobranza - v4\services\whatsapp.service.js:275:18)
    at Module._compile (node:internal/modules/cjs/loader:1554:14)
    at Object..js (node:internal/modules/cjs/loader:1706:10)
    at Module.load (node:internal/modules/cjs/loader:1289:32)
    at Function._load (node:internal/modules/cjs/loader:1108:12)
    at TracingChannel.traceSync (node:diagnostics_channel:322:14)
    at wrapModuleLoad (node:internal/modules/cjs/loader:220:24)
    at Module.require (node:internal/modules/cjs/loader:1311:12)
[2025-04-25 05:30:48] [ERROR] Error al cargar configuración de WhatsApp: Error: this.loadConfigFromDatabase is not a function
Stack: TypeError: this.loadConfigFromDatabase is not a function
    at WhatsAppService.loadConfig (C:\Users\Pc\Desktop\Cobranza - v4\services\whatsapp.service.js:57:18)
    at new WhatsAppService (C:\Users\Pc\Desktop\Cobranza - v4\services\whatsapp.service.js:41:14)
    at Object.<anonymous> (C:\Users\Pc\Desktop\Cobranza - v4\services\whatsapp.service.js:278:18)
    at Module._compile (node:internal/modules/cjs/loader:1554:14)
    at Object..js (node:internal/modules/cjs/loader:1706:10)
    at Module.load (node:internal/modules/cjs/loader:1289:32)
    at Function._load (node:internal/modules/cjs/loader:1108:12)
    at TracingChannel.traceSync (node:diagnostics_channel:322:14)
    at wrapModuleLoad (node:internal/modules/cjs/loader:220:24)
    at Module.require (node:internal/modules/cjs/loader:1311:12)
[2025-04-25 05:31:03] [INFO] Login exitoso: admin (ID: 1) - Rol: Administrador
[2025-04-25 05:31:04] [DEBUG] Token verificado para usuario: admin (ID: 1)
[2025-04-25 05:31:04] [DEBUG] Token verificado para usuario: admin (ID: 1)
[2025-04-25 05:31:04] [DEBUG] Token verificado para usuario: admin (ID: 1)
[2025-04-25 05:31:04] [DEBUG] Token verificado para usuario: admin (ID: 1)
[2025-04-25 05:31:04] [DEBUG] Token verificado para usuario: admin (ID: 1)
[2025-04-25 05:31:04] [DEBUG] Token verificado para usuario: admin (ID: 1)
[2025-04-25 05:31:04] [DEBUG] Token verificado para usuario: admin (ID: 1)
[2025-04-25 05:31:04] [DEBUG] Token verificado para usuario: admin (ID: 1)
[2025-04-25 05:31:04] [DEBUG] Token verificado para usuario: admin (ID: 1)
[2025-04-25 05:31:04] [DEBUG] Token verificado para usuario: admin (ID: 1)
[2025-04-25 05:31:04] [DEBUG] Token verificado para usuario: admin (ID: 1)
[2025-04-25 05:31:04] [DEBUG] Token verificado para usuario: admin (ID: 1)
[2025-04-25 05:31:04] [DEBUG] Token verificado para usuario: admin (ID: 1)
[2025-04-25 05:31:04] [DEBUG] Token verificado para usuario: admin (ID: 1)
[2025-04-25 05:31:04] [DEBUG] Token verificado para usuario: admin (ID: 1)
[2025-04-25 05:31:04] [DEBUG] Token verificado para usuario: admin (ID: 1)
[2025-04-25 05:31:04] [DEBUG] Token verificado para usuario: admin (ID: 1)
[2025-04-25 05:31:04] [DEBUG] Token verificado para usuario: admin (ID: 1)
[2025-04-25 05:31:04] [DEBUG] Token verificado para usuario: admin (ID: 1)
[2025-04-25 05:31:04] [DEBUG] Token verificado para usuario: admin (ID: 1)
[2025-04-25 05:31:04] [DEBUG] Token verificado para usuario: admin (ID: 1)
[2025-04-25 05:31:04] [DEBUG] Token verificado para usuario: admin (ID: 1)
[2025-04-25 05:31:04] [DEBUG] Token verificado para usuario: admin (ID: 1)
[2025-04-25 05:31:04] [DEBUG] Token verificado para usuario: admin (ID: 1)
[2025-04-25 05:31:04] [DEBUG] Token verificado para usuario: admin (ID: 1)
[2025-04-25 05:31:04] [DEBUG] Token verificado para usuario: admin (ID: 1)
[2025-04-25 05:31:04] [DEBUG] Token verificado para usuario: admin (ID: 1)
